Построение начато 10.08.2019 2:45:34.
     1>Проект "E:\Power of Law & Paradise Cracked\Версии\polrebuild 1.62.002\trunk\src\pol\undercover\undercover.vcxproj" в узле 2 (целевые объекты Build).
     1>ClCompile:
         C:\Program Files (x86)\Microsoft Visual Studio 11.0\VC\bin\CL.exe /c /I"E:\Power of Law & Paradise Cracked\Версии\polrebuild 1.62.002\trunk\src/external/boost" /I"E:\Power of Law & Paradise Cracked\Версии\polrebuild 1.62.002\trunk\src/external/stlport/stlport" /I"E:\Power of Law & Paradise Cracked\Версии\polrebuild 1.62.002\trunk\src/external/directx/include" /I"E:\Power of Law & Paradise Cracked\Версии\polrebuild 1.62.002\trunk\src/external/psdk/include" /I"E:\Power of Law & Paradise Cracked\Версии\polrebuild 1.62.002\trunk\src/external/vscrt/include" /I"E:\Power of Law & Paradise Cracked\Версии\polrebuild 1.62.002\trunk\src/external/atlmfc/include" /I"E:\Power of Law & Paradise Cracked\Версии\polrebuild 1.62.002\trunk\src/external/bink" /I"E:\Power of Law & Paradise Cracked\Версии\polrebuild 1.62.002\trunk\src/shared/mll/include" /I"E:\Power of Law & Paradise Cracked\Версии\polrebuild 1.62.002\trunk\src/shared/mutual/include" /I"E:\Power of Law & Paradise Cracked\Версии\polrebuild 1.62.002\trunk\src/shared/storage/include" /I"E:\Power of Law & Paradise Cracked\Версии\polrebuild 1.62.002\trunk\src/shared/muffle/include" /I"E:\Power of Law & Paradise Cracked\Версии\polrebuild 1.62.002\trunk\src/shared" /I"E:\Power of Law & Paradise Cracked\Версии\polrebuild 1.62.002\trunk\src/pol" /Zi /nologo /W1 /WX- /Od /Oy- /D WIN32 /D _WINDOWS /D _HOME_VERSION /D MLL_USE_DLL /D FS_USE_DLL /D _MBCS /Gm /EHsc /RTC1 /MDd /GS /fp:precise /Zc:wchar_t /Zc:forScope /Yc"precomp.h" /Fp"E:\Power of Law & Paradise Cracked\Версии\polrebuild 1.62.002\trunk\temp/polmis/Debug\precomp.pch" /Fo"E:\Power of Law & Paradise Cracked\Версии\polrebuild 1.62.002\trunk\temp/polmis/Debug\\" /Fd"E:\Power of Law & Paradise Cracked\Версии\polrebuild 1.62.002\trunk\temp/polmis/Debug\vc110.pdb" /Gd /TP /wd4251 /wd4275 /analyze- /errorReport:prompt precomp.cpp
         precomp.cpp
     1>E:\Power of Law & Paradise Cracked\Версии\polrebuild 1.62.002\trunk\src\external\stlport\stlport\cstdio(46): error C2757: __std_alias: символ с этим именем уже существует, поэтому оно не может быть использовано в качестве имени пространства имен
     1>E:\Power of Law & Paradise Cracked\Версии\polrebuild 1.62.002\trunk\src\external\stlport\stlport\cstdio(117): error C2039: vsnprintf: не является членом "std"
     1>E:\Power of Law & Paradise Cracked\Версии\polrebuild 1.62.002\trunk\src\external\stlport\stlport\cstdio(117): error C2873: vsnprintf: использование символа в "using"-объявлении не допускается
     1>E:\Power of Law & Paradise Cracked\Версии\polrebuild 1.62.002\trunk\src\external\atlmfc\include\atlcomcli.h(300): error C2299: ATL::CComPtr<T>::operator =: изменение поведения. Явная специализация не может быть конструктором копии или оператором назначения копии
                 E:\Power of Law & Paradise Cracked\Версии\polrebuild 1.62.002\trunk\src\external\atlmfc\include\atlcomcli.h(304): см. ссылку на создание экземпляров класса шаблон при компиляции "ATL::CComPtr<T>"
     1>E:\Power of Law & Paradise Cracked\Версии\polrebuild 1.62.002\trunk\src\external\atlmfc\include\atlcomcli.h(300): error C2299: ATL::CComPtr<T>::operator =: изменение поведения. Явная специализация не может быть конструктором копии или оператором назначения копии
                 with
                 [
                     T=IUnknown
                 ]
                 E:\Power of Law & Paradise Cracked\Версии\polrebuild 1.62.002\trunk\src\external\atlmfc\include\atlcomcli.h(508): см. ссылку на создание экземпляров класса шаблон при компиляции "ATL::CComPtr<T>"
                 with
                 [
                     T=IUnknown
                 ]
     1>E:\Power of Law & Paradise Cracked\Версии\polrebuild 1.62.002\trunk\src\external\atlmfc\include\atlcomcli.h(300): error C2299: ATL::CComPtr<T>::operator =: изменение поведения. Явная специализация не может быть конструктором копии или оператором назначения копии
                 with
                 [
                     T=IPersistStream
                 ]
                 E:\Power of Law & Paradise Cracked\Версии\polrebuild 1.62.002\trunk\src\external\atlmfc\include\atlcomcli.h(2215): см. ссылку на создание экземпляров класса шаблон при компиляции "ATL::CComPtr<T>"
                 with
                 [
                     T=IPersistStream
                 ]
         Unknown compiler version - please run the configure tests and report the results
     1>Построение проекта "E:\Power of Law & Paradise Cracked\Версии\polrebuild 1.62.002\trunk\src\pol\undercover\undercover.vcxproj" завершено (целевые объекты Build) с ошибкой.

Сбой построения.

Затраченное время: 00:00:01.70
