Построение начато 10.08.2019 2:51:07.
     1>Проект "E:\Power of Law & Paradise Cracked\Версии\polrebuild 1.62.002\trunk\src\pol\logic_ex\logic_ex.vcxproj" в узле 2 (целевые объекты Build).
     1>CustomBuild:
         Performing Custom Build Tools
         Не удается найти E:\Power of Law & Paradise Cracked\Версии\polrebuild 1.62.002\trunk\src\pol\logic_ex\ActScriptLexer.hpp
         Не удается найти E:\Power of Law & Paradise Cracked\Версии\polrebuild 1.62.002\trunk\src\pol\logic_ex\ActScriptLexer.cpp
         Не удается найти E:\Power of Law & Paradise Cracked\Версии\polrebuild 1.62.002\trunk\src\pol\logic_ex\ActScriptParser.hpp
         Не удается найти E:\Power of Law & Paradise Cracked\Версии\polrebuild 1.62.002\trunk\src\pol\logic_ex\ActScriptParser.cpp
         Не удается найти E:\Power of Law & Paradise Cracked\Версии\polrebuild 1.62.002\trunk\src\pol\logic_ex\ActScriptParserTokenTypes.hpp
         Не удается найти E:\Power of Law & Paradise Cracked\Версии\polrebuild 1.62.002\trunk\src\pol\logic_ex\ActScriptParserTokenTypes.txt
         Не удается найти E:\Power of Law & Paradise Cracked\Версии\polrebuild 1.62.002\trunk\src\pol\logic_ex\ActTreeParser.hpp
         Не удается найти E:\Power of Law & Paradise Cracked\Версии\polrebuild 1.62.002\trunk\src\pol\logic_ex\ActTreeParser.cpp
         "E:\Power" не является внутренней или внешней
         командой, исполняемой программой или пакетным файлом.
         "Paradise" не является внутренней или внешней
         командой, исполняемой программой или пакетным файлом.
     1>C:\Program Files (x86)\MSBuild\Microsoft.Cpp\v4.0\V110\Microsoft.CppCommon.targets(172,5): error MSB6006: "cmd.exe" завершилась с кодом 9009.
     1>Построение проекта "E:\Power of Law & Paradise Cracked\Версии\polrebuild 1.62.002\trunk\src\pol\logic_ex\logic_ex.vcxproj" завершено (целевые объекты Build) с ошибкой.

Сбой построения.

Затраченное время: 00:00:00.07
