E:\POWER OF LAW & PARADISE CRACKED\Версии\POLREBUILD 1.62.002\TRUNK\TEMP\STLPORT\RELEASE\C_LOCALE.OBJ
E:\POWER OF LAW & PARADISE CRACKED\ВЕРСИИ\POLREBUILD 1.62.002\TRUNK\TEMP\STLPORT\RELEASE\VC110.PDB
E:\POWER OF LAW & PARADISE CRACKED\Версии\POLREBUILD 1.62.002\TRUNK\TEMP\STLPORT\RELEASE\MESSAGES.OBJ
E:\POWER OF LAW & PARADISE CRACKED\Версии\POLREBUILD 1.62.002\TRUNK\TEMP\STLPORT\RELEASE\CTYPE.OBJ
E:\POWER OF LAW & PARADISE CRACKED\Версии\POLREBUILD 1.62.002\TRUNK\TEMP\STLPORT\RELEASE\COLLATE.OBJ
E:\POWER OF LAW & PARADISE CRACKED\Версии\POLREBUILD 1.62.002\TRUNK\TEMP\STLPORT\RELEASE\CODECVT.OBJ
E:\POWER OF LAW & PARADISE CRACKED\Версии\POLREBUILD 1.62.002\TRUNK\TEMP\STLPORT\RELEASE\C_LOCALE_STUB.OBJ
E:\POWER OF LAW & PARADISE CRACKED\Версии\POLREBUILD 1.62.002\TRUNK\TEMP\STLPORT\RELEASE\STRING_W.OBJ
E:\POWER OF LAW & PARADISE CRACKED\Версии\POLREBUILD 1.62.002\TRUNK\TEMP\STLPORT\RELEASE\NUMPUNCT.OBJ
E:\POWER OF LAW & PARADISE CRACKED\ВЕРСИИ\POLREBUILD 1.62.002\TRUNK\TEMP\STLPORT\RELEASE\C_LOCALE_STUB.OBJ
E:\POWER OF LAW & PARADISE CRACKED\ВЕРСИИ\POLREBUILD 1.62.002\TRUNK\TEMP\STLPORT\RELEASE\CODECVT.OBJ
E:\POWER OF LAW & PARADISE CRACKED\ВЕРСИИ\POLREBUILD 1.62.002\TRUNK\TEMP\STLPORT\RELEASE\COLLATE.OBJ
E:\POWER OF LAW & PARADISE CRACKED\ВЕРСИИ\POLREBUILD 1.62.002\TRUNK\TEMP\STLPORT\RELEASE\CTYPE.OBJ
E:\POWER OF LAW & PARADISE CRACKED\ВЕРСИИ\POLREBUILD 1.62.002\TRUNK\TEMP\STLPORT\RELEASE\MESSAGES.OBJ
E:\POWER OF LAW & PARADISE CRACKED\ВЕРСИИ\POLREBUILD 1.62.002\TRUNK\TEMP\STLPORT\RELEASE\NUMPUNCT.OBJ
E:\POWER OF LAW & PARADISE CRACKED\ВЕРСИИ\POLREBUILD 1.62.002\TRUNK\TEMP\STLPORT\RELEASE\STRING_W.OBJ
E:\Power of Law & Paradise Cracked\Версии\polrebuild 1.62.002\trunk\temp\stlport\Release\codecvt.obj
E:\Power of Law & Paradise Cracked\Версии\polrebuild 1.62.002\trunk\temp\stlport\Release\collate.obj
E:\Power of Law & Paradise Cracked\Версии\polrebuild 1.62.002\trunk\temp\stlport\Release\ctype.obj
E:\Power of Law & Paradise Cracked\Версии\polrebuild 1.62.002\trunk\temp\stlport\Release\c_locale.obj
E:\Power of Law & Paradise Cracked\Версии\polrebuild 1.62.002\trunk\temp\stlport\Release\c_locale_stub.obj
E:\Power of Law & Paradise Cracked\Версии\polrebuild 1.62.002\trunk\temp\stlport\Release\messages.obj
E:\Power of Law & Paradise Cracked\Версии\polrebuild 1.62.002\trunk\temp\stlport\Release\numpunct.obj
E:\Power of Law & Paradise Cracked\Версии\polrebuild 1.62.002\trunk\temp\stlport\Release\string_w.obj
E:\Power of Law & Paradise Cracked\Версии\polrebuild 1.62.002\trunk\temp\stlport\Release\cl.command.1.tlog
E:\Power of Law & Paradise Cracked\Версии\polrebuild 1.62.002\trunk\temp\stlport\Release\CL.read.1.tlog
E:\Power of Law & Paradise Cracked\Версии\polrebuild 1.62.002\trunk\temp\stlport\Release\CL.write.1.tlog
E:\Power of Law & Paradise Cracked\Версии\polrebuild 1.62.002\trunk\temp\stlport\Release\vc110.pdb
