E:\POWER OF LAW & PARADISE CRACKED\Версии\POLREBUILD 1.62.002\TRUNK\TEMP\ZLIB\RELEASE\ZUTIL.OBJ
E:\POWER OF LAW & PARADISE CRACKED\Версии\POLREBUILD 1.62.002\TRUNK\TEMP\ZLIB\RELEASE\UNCOMPR.OBJ
E:\POWER OF LAW & PARADISE CRACKED\Версии\POLREBUILD 1.62.002\TRUNK\TEMP\ZLIB\RELEASE\TREES.OBJ
E:\POWER OF LAW & PARADISE CRACKED\Версии\POLREBUILD 1.62.002\TRUNK\TEMP\ZLIB\RELEASE\INFTREES.OBJ
E:\POWER OF LAW & PARADISE CRACKED\Версии\POLREBUILD 1.62.002\TRUNK\TEMP\ZLIB\RELEASE\INFLATE.OBJ
E:\POWER OF LAW & PARADISE CRACKED\Версии\POLREBUILD 1.62.002\TRUNK\TEMP\ZLIB\RELEASE\INFFAST.OBJ
E:\POWER OF LAW & PARADISE CRACKED\Версии\POLREBUILD 1.62.002\TRUNK\TEMP\ZLIB\RELEASE\INFBACK.OBJ
E:\POWER OF LAW & PARADISE CRACKED\Версии\POLREBUILD 1.62.002\TRUNK\TEMP\ZLIB\RELEASE\GZIO.OBJ
E:\POWER OF LAW & PARADISE CRACKED\Версии\POLREBUILD 1.62.002\TRUNK\TEMP\ZLIB\RELEASE\DEFLATE.OBJ
E:\POWER OF LAW & PARADISE CRACKED\Версии\POLREBUILD 1.62.002\TRUNK\TEMP\ZLIB\RELEASE\CRC32.OBJ
E:\POWER OF LAW & PARADISE CRACKED\Версии\POLREBUILD 1.62.002\TRUNK\TEMP\ZLIB\RELEASE\COMPRESS.OBJ
E:\POWER OF LAW & PARADISE CRACKED\Версии\POLREBUILD 1.62.002\TRUNK\TEMP\ZLIB\RELEASE\ADLER32.OBJ
E:\POWER OF LAW & PARADISE CRACKED\ВЕРСИИ\POLREBUILD 1.62.002\TRUNK\TEMP\ZLIB\RELEASE\VC110.PDB
E:\Power of Law & Paradise Cracked\Версии\polrebuild 1.62.002\trunk\temp\zlib\Release\adler32.obj
E:\Power of Law & Paradise Cracked\Версии\polrebuild 1.62.002\trunk\temp\zlib\Release\compress.obj
E:\Power of Law & Paradise Cracked\Версии\polrebuild 1.62.002\trunk\temp\zlib\Release\crc32.obj
E:\Power of Law & Paradise Cracked\Версии\polrebuild 1.62.002\trunk\temp\zlib\Release\deflate.obj
E:\Power of Law & Paradise Cracked\Версии\polrebuild 1.62.002\trunk\temp\zlib\Release\gzio.obj
E:\Power of Law & Paradise Cracked\Версии\polrebuild 1.62.002\trunk\temp\zlib\Release\infback.obj
E:\Power of Law & Paradise Cracked\Версии\polrebuild 1.62.002\trunk\temp\zlib\Release\inffast.obj
E:\Power of Law & Paradise Cracked\Версии\polrebuild 1.62.002\trunk\temp\zlib\Release\inflate.obj
E:\Power of Law & Paradise Cracked\Версии\polrebuild 1.62.002\trunk\temp\zlib\Release\inftrees.obj
E:\Power of Law & Paradise Cracked\Версии\polrebuild 1.62.002\trunk\temp\zlib\Release\trees.obj
E:\Power of Law & Paradise Cracked\Версии\polrebuild 1.62.002\trunk\temp\zlib\Release\uncompr.obj
E:\Power of Law & Paradise Cracked\Версии\polrebuild 1.62.002\trunk\temp\zlib\Release\zutil.obj
E:\Power of Law & Paradise Cracked\Версии\polrebuild 1.62.002\trunk\temp\zlib\Release\cl.command.1.tlog
E:\Power of Law & Paradise Cracked\Версии\polrebuild 1.62.002\trunk\temp\zlib\Release\CL.read.1.tlog
E:\Power of Law & Paradise Cracked\Версии\polrebuild 1.62.002\trunk\temp\zlib\Release\CL.write.1.tlog
E:\Power of Law & Paradise Cracked\Версии\polrebuild 1.62.002\trunk\temp\zlib\Release\link.command.1.tlog
E:\Power of Law & Paradise Cracked\Версии\polrebuild 1.62.002\trunk\temp\zlib\Release\link.read.1.tlog
E:\Power of Law & Paradise Cracked\Версии\polrebuild 1.62.002\trunk\temp\zlib\Release\link.write.1.tlog
E:\Power of Law & Paradise Cracked\Версии\polrebuild 1.62.002\trunk\temp\zlib\Release\vc110.pdb
