E:\POWER OF LAW & PARADISE CRACKED\Версии\POLREBUILD 1.62.002\TRUNK\TEMP\ANTLR\RELEASE\NOVIABLEALTEXCEPTION.OBJ
E:\POWER OF LAW & PARADISE CRACKED\Версии\POLREBUILD 1.62.002\TRUNK\TEMP\ANTLR\RELEASE\MISMATCHEDTOKENEXCEPTION.OBJ
E:\POWER OF LAW & PARADISE CRACKED\Версии\POLREBUILD 1.62.002\TRUNK\TEMP\ANTLR\RELEASE\INPUTBUFFER.OBJ
E:\POWER OF LAW & PARADISE CRACKED\Версии\POLREBUILD 1.62.002\TRUNK\TEMP\ANTLR\RELEASE\DLL.OBJ
E:\POWER OF LAW & PARADISE CRACKED\Версии\POLREBUILD 1.62.002\TRUNK\TEMP\ANTLR\RELEASE\COMMONTOKEN.OBJ
E:\POWER OF LAW & PARADISE CRACKED\Версии\POLREBUILD 1.62.002\TRUNK\TEMP\ANTLR\RELEASE\COMMONHIDDENSTREAMTOKEN.OBJ
E:\POWER OF LAW & PARADISE CRACKED\Версии\POLREBUILD 1.62.002\TRUNK\TEMP\ANTLR\RELEASE\COMMONASTWITHHIDDENTOKENS.OBJ
E:\POWER OF LAW & PARADISE CRACKED\Версии\POLREBUILD 1.62.002\TRUNK\TEMP\ANTLR\RELEASE\BITSET.OBJ
E:\POWER OF LAW & PARADISE CRACKED\Версии\POLREBUILD 1.62.002\TRUNK\TEMP\ANTLR\RELEASE\ASTREFCOUNT.OBJ
E:\POWER OF LAW & PARADISE CRACKED\Версии\POLREBUILD 1.62.002\TRUNK\TEMP\ANTLR\RELEASE\TOKENSTREAMSELECTOR.OBJ
E:\POWER OF LAW & PARADISE CRACKED\Версии\POLREBUILD 1.62.002\TRUNK\TEMP\ANTLR\RELEASE\TOKENSTREAMHIDDENTOKENFILTER.OBJ
E:\POWER OF LAW & PARADISE CRACKED\Версии\POLREBUILD 1.62.002\TRUNK\TEMP\ANTLR\RELEASE\TOKENSTREAMBASICFILTER.OBJ
E:\POWER OF LAW & PARADISE CRACKED\Версии\POLREBUILD 1.62.002\TRUNK\TEMP\ANTLR\RELEASE\TOKENBUFFER.OBJ
E:\POWER OF LAW & PARADISE CRACKED\Версии\POLREBUILD 1.62.002\TRUNK\TEMP\ANTLR\RELEASE\TOKEN.OBJ
E:\POWER OF LAW & PARADISE CRACKED\Версии\POLREBUILD 1.62.002\TRUNK\TEMP\ANTLR\RELEASE\RECOGNITIONEXCEPTION.OBJ
E:\POWER OF LAW & PARADISE CRACKED\ВЕРСИИ\POLREBUILD 1.62.002\TRUNK\TEMP\ANTLR\RELEASE\ASTREFCOUNT.OBJ
E:\POWER OF LAW & PARADISE CRACKED\ВЕРСИИ\POLREBUILD 1.62.002\TRUNK\TEMP\ANTLR\RELEASE\BITSET.OBJ
E:\POWER OF LAW & PARADISE CRACKED\ВЕРСИИ\POLREBUILD 1.62.002\TRUNK\TEMP\ANTLR\RELEASE\COMMONASTWITHHIDDENTOKENS.OBJ
E:\POWER OF LAW & PARADISE CRACKED\ВЕРСИИ\POLREBUILD 1.62.002\TRUNK\TEMP\ANTLR\RELEASE\COMMONHIDDENSTREAMTOKEN.OBJ
E:\POWER OF LAW & PARADISE CRACKED\ВЕРСИИ\POLREBUILD 1.62.002\TRUNK\TEMP\ANTLR\RELEASE\COMMONTOKEN.OBJ
E:\POWER OF LAW & PARADISE CRACKED\ВЕРСИИ\POLREBUILD 1.62.002\TRUNK\TEMP\ANTLR\RELEASE\DLL.OBJ
E:\POWER OF LAW & PARADISE CRACKED\ВЕРСИИ\POLREBUILD 1.62.002\TRUNK\TEMP\ANTLR\RELEASE\INPUTBUFFER.OBJ
E:\POWER OF LAW & PARADISE CRACKED\ВЕРСИИ\POLREBUILD 1.62.002\TRUNK\TEMP\ANTLR\RELEASE\MISMATCHEDTOKENEXCEPTION.OBJ
E:\POWER OF LAW & PARADISE CRACKED\ВЕРСИИ\POLREBUILD 1.62.002\TRUNK\TEMP\ANTLR\RELEASE\NOVIABLEALTEXCEPTION.OBJ
E:\POWER OF LAW & PARADISE CRACKED\ВЕРСИИ\POLREBUILD 1.62.002\TRUNK\TEMP\ANTLR\RELEASE\RECOGNITIONEXCEPTION.OBJ
E:\POWER OF LAW & PARADISE CRACKED\ВЕРСИИ\POLREBUILD 1.62.002\TRUNK\TEMP\ANTLR\RELEASE\TOKEN.OBJ
E:\POWER OF LAW & PARADISE CRACKED\ВЕРСИИ\POLREBUILD 1.62.002\TRUNK\TEMP\ANTLR\RELEASE\TOKENBUFFER.OBJ
E:\POWER OF LAW & PARADISE CRACKED\ВЕРСИИ\POLREBUILD 1.62.002\TRUNK\TEMP\ANTLR\RELEASE\TOKENSTREAMBASICFILTER.OBJ
E:\POWER OF LAW & PARADISE CRACKED\ВЕРСИИ\POLREBUILD 1.62.002\TRUNK\TEMP\ANTLR\RELEASE\TOKENSTREAMHIDDENTOKENFILTER.OBJ
E:\POWER OF LAW & PARADISE CRACKED\ВЕРСИИ\POLREBUILD 1.62.002\TRUNK\TEMP\ANTLR\RELEASE\TOKENSTREAMSELECTOR.OBJ
E:\Power of Law & Paradise Cracked\Версии\polrebuild 1.62.002\trunk\temp\antlr\Release\ASTRefCount.obj
E:\Power of Law & Paradise Cracked\Версии\polrebuild 1.62.002\trunk\temp\antlr\Release\BitSet.obj
E:\Power of Law & Paradise Cracked\Версии\polrebuild 1.62.002\trunk\temp\antlr\Release\CommonASTWithHiddenTokens.obj
E:\Power of Law & Paradise Cracked\Версии\polrebuild 1.62.002\trunk\temp\antlr\Release\CommonHiddenStreamToken.obj
E:\Power of Law & Paradise Cracked\Версии\polrebuild 1.62.002\trunk\temp\antlr\Release\CommonToken.obj
E:\Power of Law & Paradise Cracked\Версии\polrebuild 1.62.002\trunk\temp\antlr\Release\dll.obj
E:\Power of Law & Paradise Cracked\Версии\polrebuild 1.62.002\trunk\temp\antlr\Release\InputBuffer.obj
E:\Power of Law & Paradise Cracked\Версии\polrebuild 1.62.002\trunk\temp\antlr\Release\MismatchedTokenException.obj
E:\Power of Law & Paradise Cracked\Версии\polrebuild 1.62.002\trunk\temp\antlr\Release\NoViableAltException.obj
E:\Power of Law & Paradise Cracked\Версии\polrebuild 1.62.002\trunk\temp\antlr\Release\RecognitionException.obj
E:\Power of Law & Paradise Cracked\Версии\polrebuild 1.62.002\trunk\temp\antlr\Release\Token.obj
E:\Power of Law & Paradise Cracked\Версии\polrebuild 1.62.002\trunk\temp\antlr\Release\TokenBuffer.obj
E:\Power of Law & Paradise Cracked\Версии\polrebuild 1.62.002\trunk\temp\antlr\Release\TokenStreamBasicFilter.obj
E:\Power of Law & Paradise Cracked\Версии\polrebuild 1.62.002\trunk\temp\antlr\Release\TokenStreamHiddenTokenFilter.obj
E:\Power of Law & Paradise Cracked\Версии\polrebuild 1.62.002\trunk\temp\antlr\Release\TokenStreamSelector.obj
E:\Power of Law & Paradise Cracked\Версии\polrebuild 1.62.002\trunk\temp\antlr\Release\cl.command.1.tlog
E:\Power of Law & Paradise Cracked\Версии\polrebuild 1.62.002\trunk\temp\antlr\Release\CL.read.1.tlog
E:\Power of Law & Paradise Cracked\Версии\polrebuild 1.62.002\trunk\temp\antlr\Release\CL.write.1.tlog
E:\Power of Law & Paradise Cracked\Версии\polrebuild 1.62.002\trunk\temp\antlr\Release\vc110.pdb
