Построение начато 26.01.2020 13:59:15.
     1>Проект "E:\Power of Law & Paradise Cracked\Version\polrebuild 1.62.002\trunk\src\external\antlr\antlr.vcxproj" в узле 2 (целевые объекты Build).
     1>ClCompile:
         C:\Program Files (x86)\Microsoft Visual Studio 11.0\VC\bin\CL.exe /c /I"E:\Power of Law & Paradise Cracked\Version\polrebuild 1.62.002\trunk\src/external/stlport/stlport" /I"E:\Power of Law & Paradise Cracked\Version\polrebuild 1.62.002\trunk\src/external/psdk/include" /I"E:\Power of Law & Paradise Cracked\Version\polrebuild 1.62.002\trunk\src/external/vscrt/include" /I"E:\Power of Law & Paradise Cracked\Version\polrebuild 1.62.002\trunk\src\external\antlr\include" /Zi /nologo /W3 /WX- /O2 /Oi /Oy /D WIN32 /D _WINDOWS /D ANTLR_EXPORTS /D _WINDLL /D _MBCS /Gm- /EHsc /MD /GS- /fp:precise /Zc:wchar_t /Zc:forScope /Fo"E:\Power of Law & Paradise Cracked\Version\polrebuild 1.62.002\trunk\temp/antlr/Release\\" /Fd"E:\Power of Law & Paradise Cracked\Version\polrebuild 1.62.002\trunk\temp/antlr/Release\vc110.pdb" /Gd /TP /wd4251 /wd4275 /wd4355 /analyze- /errorReport:prompt ANTLRUtil.cpp ASTFactory.cpp ASTNULLType.cpp ASTRefCount.cpp BaseAST.cpp BitSet.cpp CharBuffer.cpp CharScanner.cpp CommonAST.cpp CommonASTWithHiddenTokens.cpp CommonHiddenStreamToken.cpp CommonToken.cpp dll.cpp InputBuffer.cpp LLkParser.cpp MismatchedCharException.cpp MismatchedTokenException.cpp NoViableAltException.cpp NoViableAltForCharException.cpp Parser.cpp RecognitionException.cpp String.cpp Token.cpp TokenBuffer.cpp TokenStreamBasicFilter.cpp TokenStreamHiddenTokenFilter.cpp TokenStreamSelector.cpp TreeParser.cpp
         ANTLRUtil.cpp
     1>E:\Power of Law & Paradise Cracked\Version\polrebuild 1.62.002\trunk\src\external\stlport\stlport\cstdio(46): error C2757: __std_alias: символ с этим именем уже существует, поэтому оно не может быть использовано в качестве имени пространства имен
     1>E:\Power of Law & Paradise Cracked\Version\polrebuild 1.62.002\trunk\src\external\stlport\stlport\cstdio(117): error C2039: vsnprintf: не является членом "std"
     1>E:\Power of Law & Paradise Cracked\Version\polrebuild 1.62.002\trunk\src\external\stlport\stlport\cstdio(117): error C2873: vsnprintf: использование символа в "using"-объявлении не допускается
         ASTFactory.cpp
     1>E:\Power of Law & Paradise Cracked\Version\polrebuild 1.62.002\trunk\src\external\stlport\stlport\cstdio(46): error C2757: __std_alias: символ с этим именем уже существует, поэтому оно не может быть использовано в качестве имени пространства имен
     1>E:\Power of Law & Paradise Cracked\Version\polrebuild 1.62.002\trunk\src\external\stlport\stlport\cstdio(117): error C2039: vsnprintf: не является членом "std"
     1>E:\Power of Law & Paradise Cracked\Version\polrebuild 1.62.002\trunk\src\external\stlport\stlport\cstdio(117): error C2873: vsnprintf: использование символа в "using"-объявлении не допускается
         ASTNULLType.cpp
     1>E:\Power of Law & Paradise Cracked\Version\polrebuild 1.62.002\trunk\src\external\stlport\stlport\cstdio(46): error C2757: __std_alias: символ с этим именем уже существует, поэтому оно не может быть использовано в качестве имени пространства имен
     1>E:\Power of Law & Paradise Cracked\Version\polrebuild 1.62.002\trunk\src\external\stlport\stlport\cstdio(117): error C2039: vsnprintf: не является членом "std"
     1>E:\Power of Law & Paradise Cracked\Version\polrebuild 1.62.002\trunk\src\external\stlport\stlport\cstdio(117): error C2873: vsnprintf: использование символа в "using"-объявлении не допускается
         ASTRefCount.cpp
         BaseAST.cpp
     1>E:\Power of Law & Paradise Cracked\Version\polrebuild 1.62.002\trunk\src\external\stlport\stlport\cstdio(46): error C2757: __std_alias: символ с этим именем уже существует, поэтому оно не может быть использовано в качестве имени пространства имен
     1>E:\Power of Law & Paradise Cracked\Version\polrebuild 1.62.002\trunk\src\external\stlport\stlport\cstdio(117): error C2039: vsnprintf: не является членом "std"
     1>E:\Power of Law & Paradise Cracked\Version\polrebuild 1.62.002\trunk\src\external\stlport\stlport\cstdio(117): error C2873: vsnprintf: использование символа в "using"-объявлении не допускается
         BitSet.cpp
         CharBuffer.cpp
     1>E:\Power of Law & Paradise Cracked\Version\polrebuild 1.62.002\trunk\src\external\stlport\stlport\cstdio(46): error C2757: __std_alias: символ с этим именем уже существует, поэтому оно не может быть использовано в качестве имени пространства имен
     1>E:\Power of Law & Paradise Cracked\Version\polrebuild 1.62.002\trunk\src\external\stlport\stlport\cstdio(117): error C2039: vsnprintf: не является членом "std"
     1>E:\Power of Law & Paradise Cracked\Version\polrebuild 1.62.002\trunk\src\external\stlport\stlport\cstdio(117): error C2873: vsnprintf: использование символа в "using"-объявлении не допускается
         CharScanner.cpp
     1>E:\Power of Law & Paradise Cracked\Version\polrebuild 1.62.002\trunk\src\external\stlport\stlport\cstdio(46): error C2757: __std_alias: символ с этим именем уже существует, поэтому оно не может быть использовано в качестве имени пространства имен
     1>E:\Power of Law & Paradise Cracked\Version\polrebuild 1.62.002\trunk\src\external\stlport\stlport\cstdio(117): error C2039: vsnprintf: не является членом "std"
     1>E:\Power of Law & Paradise Cracked\Version\polrebuild 1.62.002\trunk\src\external\stlport\stlport\cstdio(117): error C2873: vsnprintf: использование символа в "using"-объявлении не допускается
         CommonAST.cpp
     1>E:\Power of Law & Paradise Cracked\Version\polrebuild 1.62.002\trunk\src\external\stlport\stlport\cstdio(46): error C2757: __std_alias: символ с этим именем уже существует, поэтому оно не может быть использовано в качестве имени пространства имен
     1>E:\Power of Law & Paradise Cracked\Version\polrebuild 1.62.002\trunk\src\external\stlport\stlport\cstdio(117): error C2039: vsnprintf: не является членом "std"
     1>E:\Power of Law & Paradise Cracked\Version\polrebuild 1.62.002\trunk\src\external\stlport\stlport\cstdio(117): error C2873: vsnprintf: использование символа в "using"-объявлении не допускается
         CommonASTWithHiddenTokens.cpp
         CommonHiddenStreamToken.cpp
         CommonToken.cpp
         dll.cpp
         InputBuffer.cpp
         LLkParser.cpp
     1>E:\Power of Law & Paradise Cracked\Version\polrebuild 1.62.002\trunk\src\external\stlport\stlport\cstdio(46): error C2757: __std_alias: символ с этим именем уже существует, поэтому оно не может быть использовано в качестве имени пространства имен
     1>E:\Power of Law & Paradise Cracked\Version\polrebuild 1.62.002\trunk\src\external\stlport\stlport\cstdio(117): error C2039: vsnprintf: не является членом "std"
     1>E:\Power of Law & Paradise Cracked\Version\polrebuild 1.62.002\trunk\src\external\stlport\stlport\cstdio(117): error C2873: vsnprintf: использование символа в "using"-объявлении не допускается
         MismatchedCharException.cpp
     1>E:\Power of Law & Paradise Cracked\Version\polrebuild 1.62.002\trunk\src\external\stlport\stlport\cstdio(46): error C2757: __std_alias: символ с этим именем уже существует, поэтому оно не может быть использовано в качестве имени пространства имен
     1>E:\Power of Law & Paradise Cracked\Version\polrebuild 1.62.002\trunk\src\external\stlport\stlport\cstdio(117): error C2039: vsnprintf: не является членом "std"
     1>E:\Power of Law & Paradise Cracked\Version\polrebuild 1.62.002\trunk\src\external\stlport\stlport\cstdio(117): error C2873: vsnprintf: использование символа в "using"-объявлении не допускается
         MismatchedTokenException.cpp
         NoViableAltException.cpp
         NoViableAltForCharException.cpp
     1>E:\Power of Law & Paradise Cracked\Version\polrebuild 1.62.002\trunk\src\external\stlport\stlport\cstdio(46): error C2757: __std_alias: символ с этим именем уже существует, поэтому оно не может быть использовано в качестве имени пространства имен
     1>E:\Power of Law & Paradise Cracked\Version\polrebuild 1.62.002\trunk\src\external\stlport\stlport\cstdio(117): error C2039: vsnprintf: не является членом "std"
     1>E:\Power of Law & Paradise Cracked\Version\polrebuild 1.62.002\trunk\src\external\stlport\stlport\cstdio(117): error C2873: vsnprintf: использование символа в "using"-объявлении не допускается
         Parser.cpp
     1>E:\Power of Law & Paradise Cracked\Version\polrebuild 1.62.002\trunk\src\external\stlport\stlport\cstdio(46): error C2757: __std_alias: символ с этим именем уже существует, поэтому оно не может быть использовано в качестве имени пространства имен
     1>E:\Power of Law & Paradise Cracked\Version\polrebuild 1.62.002\trunk\src\external\stlport\stlport\cstdio(117): error C2039: vsnprintf: не является членом "std"
     1>E:\Power of Law & Paradise Cracked\Version\polrebuild 1.62.002\trunk\src\external\stlport\stlport\cstdio(117): error C2873: vsnprintf: использование символа в "using"-объявлении не допускается
         Создание кода...
         Компиляция...
         RecognitionException.cpp
         String.cpp
     1>E:\Power of Law & Paradise Cracked\Version\polrebuild 1.62.002\trunk\src\external\stlport\stlport\cstdio(46): error C2757: __std_alias: символ с этим именем уже существует, поэтому оно не может быть использовано в качестве имени пространства имен
     1>E:\Power of Law & Paradise Cracked\Version\polrebuild 1.62.002\trunk\src\external\stlport\stlport\cstdio(117): error C2039: vsnprintf: не является членом "std"
     1>E:\Power of Law & Paradise Cracked\Version\polrebuild 1.62.002\trunk\src\external\stlport\stlport\cstdio(117): error C2873: vsnprintf: использование символа в "using"-объявлении не допускается
         Token.cpp
         TokenBuffer.cpp
         TokenStreamBasicFilter.cpp
         TokenStreamHiddenTokenFilter.cpp
         TokenStreamSelector.cpp
         TreeParser.cpp
     1>E:\Power of Law & Paradise Cracked\Version\polrebuild 1.62.002\trunk\src\external\stlport\stlport\cstdio(46): error C2757: __std_alias: символ с этим именем уже существует, поэтому оно не может быть использовано в качестве имени пространства имен
     1>E:\Power of Law & Paradise Cracked\Version\polrebuild 1.62.002\trunk\src\external\stlport\stlport\cstdio(117): error C2039: vsnprintf: не является членом "std"
     1>E:\Power of Law & Paradise Cracked\Version\polrebuild 1.62.002\trunk\src\external\stlport\stlport\cstdio(117): error C2873: vsnprintf: использование символа в "using"-объявлении не допускается
         Создание кода...
     1>Построение проекта "E:\Power of Law & Paradise Cracked\Version\polrebuild 1.62.002\trunk\src\external\antlr\antlr.vcxproj" завершено (целевые объекты Build) с ошибкой.

Сбой построения.

Затраченное время: 00:00:05.23
