*** Installation started 2004/09/21 18:48 ***
Source: D:\unsorted\2004.07.03\PyXML-0.8.3.win32-py2.3.exe
020 Reg DB Key: [Software\Microsoft\Windows\CurrentVersion\Uninstall]PyXML-py2.3
040 Reg DB Value: [Software\Microsoft\Windows\CurrentVersion\Uninstall\PyXML-py2.3]DisplayName=Python 2.3 PyXML-0.8.3
040 Reg DB Value: [Software\Microsoft\Windows\CurrentVersion\Uninstall\PyXML-py2.3]UninstallString="C:\Python23\RemovePyXML.exe" -u "C:\Python23\PyXML-wininst.log"
100 Made Dir: C:\Python23\xmldoc
200 File Copy: C:\Python23\xmldoc\ANNOUNCE
200 File Copy: C:\Python23\xmldoc\CREDITS
200 File Copy: C:\Python23\xmldoc\LICENCE
200 File Copy: C:\Python23\xmldoc\README
200 File Copy: C:\Python23\xmldoc\README.dom
200 File Copy: C:\Python23\xmldoc\README.pyexpat
200 File Copy: C:\Python23\xmldoc\README.sgmlop
200 File Copy: C:\Python23\xmldoc\TODO
100 Made Dir: C:\Python23\xmldoc\demo
100 Made Dir: C:\Python23\xmldoc\demo\dom
200 File Copy: C:\Python23\xmldoc\demo\dom\4tidy.py
200 File Copy: C:\Python23\xmldoc\demo\dom\addr_book.dtd
200 File Copy: C:\Python23\xmldoc\demo\dom\addr_book1.xml
200 File Copy: C:\Python23\xmldoc\demo\dom\addr_book2.xml
200 File Copy: C:\Python23\xmldoc\demo\dom\benchmark.py
200 File Copy: C:\Python23\xmldoc\demo\dom\book_catalog1.xml
200 File Copy: C:\Python23\xmldoc\demo\dom\building.py
200 File Copy: C:\Python23\xmldoc\demo\dom\domconv.py
200 File Copy: C:\Python23\xmldoc\demo\dom\dom_from_html_file.py
200 File Copy: C:\Python23\xmldoc\demo\dom\dom_from_xml_file.py
200 File Copy: C:\Python23\xmldoc\demo\dom\employee_table.html
200 File Copy: C:\Python23\xmldoc\demo\dom\generate_html1.py
200 File Copy: C:\Python23\xmldoc\demo\dom\generate_xml1.py
200 File Copy: C:\Python23\xmldoc\demo\dom\html2html
200 File Copy: C:\Python23\xmldoc\demo\dom\iterator1.py
200 File Copy: C:\Python23\xmldoc\demo\dom\link_title_invert.py
200 File Copy: C:\Python23\xmldoc\demo\dom\trace_ns.py
200 File Copy: C:\Python23\xmldoc\demo\dom\visitor1.py
200 File Copy: C:\Python23\xmldoc\demo\dom\xll_replace.py
200 File Copy: C:\Python23\xmldoc\demo\dom\xpointer_query.py
200 File Copy: C:\Python23\xmldoc\demo\dom\xptr.py
200 File Copy: C:\Python23\xmldoc\demo\dom\__init__.py
100 Made Dir: C:\Python23\xmldoc\demo\genxml
200 File Copy: C:\Python23\xmldoc\demo\genxml\data.txt
200 File Copy: C:\Python23\xmldoc\demo\genxml\loaddata.py
100 Made Dir: C:\Python23\xmldoc\demo\quotes
200 File Copy: C:\Python23\xmldoc\demo\quotes\qtfmt.py
200 File Copy: C:\Python23\xmldoc\demo\quotes\quotations.dtd
200 File Copy: C:\Python23\xmldoc\demo\quotes\sample.xml
100 Made Dir: C:\Python23\xmldoc\demo\sax
200 File Copy: C:\Python23\xmldoc\demo\sax\sax2obj.py
200 File Copy: C:\Python23\xmldoc\demo\sax\saxdemo.py
200 File Copy: C:\Python23\xmldoc\demo\sax\saxhack.py
200 File Copy: C:\Python23\xmldoc\demo\sax\saxstats.py
200 File Copy: C:\Python23\xmldoc\demo\sax\saxtimer.py
200 File Copy: C:\Python23\xmldoc\demo\sax\saxtrace.py
100 Made Dir: C:\Python23\xmldoc\demo\sgmlop
200 File Copy: C:\Python23\xmldoc\demo\sgmlop\benchsgml.py
200 File Copy: C:\Python23\xmldoc\demo\sgmlop\benchxml.py
200 File Copy: C:\Python23\xmldoc\demo\sgmlop\test2.htm
200 File Copy: C:\Python23\xmldoc\demo\sgmlop\testxml1.py
200 File Copy: C:\Python23\xmldoc\demo\sgmlop\testxml2.py
100 Made Dir: C:\Python23\xmldoc\demo\xbel
200 File Copy: C:\Python23\xmldoc\demo\xbel\adr_parse.py
200 File Copy: C:\Python23\xmldoc\demo\xbel\bookmark.py
200 File Copy: C:\Python23\xmldoc\demo\xbel\lynx_parse.py
200 File Copy: C:\Python23\xmldoc\demo\xbel\msie_parse.py
200 File Copy: C:\Python23\xmldoc\demo\xbel\ns_parse.py
200 File Copy: C:\Python23\xmldoc\demo\xbel\xbel-1.0.dtd
200 File Copy: C:\Python23\xmldoc\demo\xbel\xbel-1.1.dtd
200 File Copy: C:\Python23\xmldoc\demo\xbel\xbel2html.py
200 File Copy: C:\Python23\xmldoc\demo\xbel\xbel_parse.py
100 Made Dir: C:\Python23\xmldoc\demo\xbel\doc
200 File Copy: C:\Python23\xmldoc\demo\xbel\doc\xbel.bib
200 File Copy: C:\Python23\xmldoc\demo\xbel\doc\xbel.tex
100 Made Dir: C:\Python23\xmldoc\demo\xmlproc
200 File Copy: C:\Python23\xmldoc\demo\xmlproc\catalog.soc
200 File Copy: C:\Python23\xmldoc\demo\xmlproc\doctree.py
200 File Copy: C:\Python23\xmldoc\demo\xmlproc\dtd2schema.py
200 File Copy: C:\Python23\xmldoc\demo\xmlproc\dtdcheck.py
200 File Copy: C:\Python23\xmldoc\demo\xmlproc\dtdcmd.py
200 File Copy: C:\Python23\xmldoc\demo\xmlproc\dtddoc.py
200 File Copy: C:\Python23\xmldoc\demo\xmlproc\nstest1.xml
200 File Copy: C:\Python23\xmldoc\demo\xmlproc\outputters.py
200 File Copy: C:\Python23\xmldoc\demo\xmlproc\urls.xml
200 File Copy: C:\Python23\xmldoc\demo\xmlproc\wxValidator.py
200 File Copy: C:\Python23\xmldoc\demo\xmlproc\xbel2html.py
200 File Copy: C:\Python23\xmldoc\demo\xmlproc\xpcmd.py
200 File Copy: C:\Python23\xmldoc\demo\xmlproc\xvcmd.py
100 Made Dir: C:\Python23\xmldoc\demo\xmlproc\dtds
200 File Copy: C:\Python23\xmldoc\demo\xmlproc\dtds\xbel-1.0.dtd
200 File Copy: C:\Python23\xmldoc\demo\xmlproc\dtds\xsa.dtd
100 Made Dir: C:\Python23\xmldoc\doc
200 File Copy: C:\Python23\xmldoc\doc\xml-howto.tex
200 File Copy: C:\Python23\xmldoc\doc\xml-howto.txt
200 File Copy: C:\Python23\xmldoc\doc\xml-ref.tex
200 File Copy: C:\Python23\xmldoc\doc\xml-ref.txt
100 Made Dir: C:\Python23\xmldoc\doc\4DOM
200 File Copy: C:\Python23\xmldoc\doc\4DOM\4DOM.web
200 File Copy: C:\Python23\xmldoc\doc\4DOM\Extensions.api
200 File Copy: C:\Python23\xmldoc\doc\4DOM\Extensions.html
200 File Copy: C:\Python23\xmldoc\doc\4DOM\index.html
200 File Copy: C:\Python23\xmldoc\doc\4DOM\Ranges.api
200 File Copy: C:\Python23\xmldoc\doc\4DOM\Ranges.html
100 Made Dir: C:\Python23\xmldoc\doc\xmlproc
200 File Copy: C:\Python23\xmldoc\doc\xmlproc\artikler.css
200 File Copy: C:\Python23\xmldoc\doc\xmlproc\basicapi.gif
200 File Copy: C:\Python23\xmldoc\doc\xmlproc\cmdline.gif
200 File Copy: C:\Python23\xmldoc\doc\xmlproc\standard.css
200 File Copy: C:\Python23\xmldoc\doc\xmlproc\wxval.gif
200 File Copy: C:\Python23\xmldoc\doc\xmlproc\xmlproc-catalog-doco.html
200 File Copy: C:\Python23\xmldoc\doc\xmlproc\xmlproc-doco.html
200 File Copy: C:\Python23\xmldoc\doc\xmlproc\xmlproc-dtd-doco.html
200 File Copy: C:\Python23\xmldoc\doc\xmlproc\xmlproc-license.html
200 File Copy: C:\Python23\xmldoc\doc\xmlproc\xmlproc.html
200 File Copy: C:\Python23\xmldoc\doc\xmlproc\xmlproc_cmdline.html
200 File Copy: C:\Python23\xmldoc\doc\xmlproc\xmlproc_dtdparser.html
200 File Copy: C:\Python23\xmldoc\doc\xmlproc\xmlproc_ns.html
200 File Copy: C:\Python23\xmldoc\doc\xmlproc\xmlproc_tut.html
100 Made Dir: C:\Python23\xmldoc\test
200 File Copy: C:\Python23\xmldoc\test\chkdom_4dom.py
200 File Copy: C:\Python23\xmldoc\test\chkdom_minidom.py
200 File Copy: C:\Python23\xmldoc\test\enc_test.xml
200 File Copy: C:\Python23\xmldoc\test\perf_expatbuilder.py
200 File Copy: C:\Python23\xmldoc\test\quotes.xml
200 File Copy: C:\Python23\xmldoc\test\regrtest.py
200 File Copy: C:\Python23\xmldoc\test\test.xml
200 File Copy: C:\Python23\xmldoc\test\test.xml.out
200 File Copy: C:\Python23\xmldoc\test\testxml.py
200 File Copy: C:\Python23\xmldoc\test\test_c14n.py
200 File Copy: C:\Python23\xmldoc\test\test_dom.py
200 File Copy: C:\Python23\xmldoc\test\test_domreg.py
200 File Copy: C:\Python23\xmldoc\test\test_encodings.py
200 File Copy: C:\Python23\xmldoc\test\test_expatreader.py
200 File Copy: C:\Python23\xmldoc\test\test_filter.py
200 File Copy: C:\Python23\xmldoc\test\test_howto.py
200 File Copy: C:\Python23\xmldoc\test\test_htmlb.py
200 File Copy: C:\Python23\xmldoc\test\test_javadom.py
200 File Copy: C:\Python23\xmldoc\test\test_marshal.py
200 File Copy: C:\Python23\xmldoc\test\test_minidom.py
200 File Copy: C:\Python23\xmldoc\test\test_ns.py
200 File Copy: C:\Python23\xmldoc\test\test_pyexpat.py
200 File Copy: C:\Python23\xmldoc\test\test_sax.py
200 File Copy: C:\Python23\xmldoc\test\test_sax2.py
200 File Copy: C:\Python23\xmldoc\test\test_sax2_xmlproc.py
200 File Copy: C:\Python23\xmldoc\test\test_saxdrivers.py
200 File Copy: C:\Python23\xmldoc\test\test_sax_xmlproc.py
200 File Copy: C:\Python23\xmldoc\test\test_support.py
200 File Copy: C:\Python23\xmldoc\test\test_utils.py
200 File Copy: C:\Python23\xmldoc\test\test_xmlbuilder.py
200 File Copy: C:\Python23\xmldoc\test\test_xmlproc.py
200 File Copy: C:\Python23\xmldoc\test\unittest.py
200 File Copy: C:\Python23\xmldoc\test\xmlval_illformed.dtd
100 Made Dir: C:\Python23\xmldoc\test\dom
200 File Copy: C:\Python23\xmldoc\test\dom\newtest_node.py
200 File Copy: C:\Python23\xmldoc\test\dom\test.py
200 File Copy: C:\Python23\xmldoc\test\dom\TestSuite.py
200 File Copy: C:\Python23\xmldoc\test\dom\test_attr.py
200 File Copy: C:\Python23\xmldoc\test\dom\test_cdatasection.py
200 File Copy: C:\Python23\xmldoc\test\dom\test_characterdata.py
200 File Copy: C:\Python23\xmldoc\test\dom\test_comment.py
200 File Copy: C:\Python23\xmldoc\test\dom\test_demo.py
200 File Copy: C:\Python23\xmldoc\test\dom\test_document.py
200 File Copy: C:\Python23\xmldoc\test\dom\test_documentfragment.py
200 File Copy: C:\Python23\xmldoc\test\dom\test_documenttype.py
200 File Copy: C:\Python23\xmldoc\test\dom\test_domimplementation.py
200 File Copy: C:\Python23\xmldoc\test\dom\test_element.py
200 File Copy: C:\Python23\xmldoc\test\dom\test_entity.py
200 File Copy: C:\Python23\xmldoc\test\dom\test_entityreference.py
200 File Copy: C:\Python23\xmldoc\test\dom\test_html.py
200 File Copy: C:\Python23\xmldoc\test\dom\test_namednodemap.py
200 File Copy: C:\Python23\xmldoc\test\dom\test_node.py
200 File Copy: C:\Python23\xmldoc\test\dom\test_nodeiterator.py
200 File Copy: C:\Python23\xmldoc\test\dom\test_nodelist.py
200 File Copy: C:\Python23\xmldoc\test\dom\test_notation.py
200 File Copy: C:\Python23\xmldoc\test\dom\test_processinginstruction.py
200 File Copy: C:\Python23\xmldoc\test\dom\test_pythonic.py
200 File Copy: C:\Python23\xmldoc\test\dom\test_range.py
200 File Copy: C:\Python23\xmldoc\test\dom\test_readers.py
200 File Copy: C:\Python23\xmldoc\test\dom\test_struct.py
200 File Copy: C:\Python23\xmldoc\test\dom\test_text.py
200 File Copy: C:\Python23\xmldoc\test\dom\test_treewalker.py
100 Made Dir: C:\Python23\xmldoc\test\dom\borrowed
200 File Copy: C:\Python23\xmldoc\test\dom\borrowed\af_20000919.py
200 File Copy: C:\Python23\xmldoc\test\dom\borrowed\af_20000922.py
200 File Copy: C:\Python23\xmldoc\test\dom\borrowed\nc_20000921.py
200 File Copy: C:\Python23\xmldoc\test\dom\borrowed\TestSuite.py
200 File Copy: C:\Python23\xmldoc\test\dom\borrowed\uo_20010713.py
100 Made Dir: C:\Python23\xmldoc\test\dom\ext
200 File Copy: C:\Python23\xmldoc\test\dom\ext\bigTest.html
200 File Copy: C:\Python23\xmldoc\test\dom\ext\mulit-single.html
200 File Copy: C:\Python23\xmldoc\test\dom\ext\single.html
200 File Copy: C:\Python23\xmldoc\test\dom\ext\TestSuite.py
200 File Copy: C:\Python23\xmldoc\test\dom\ext\test_html_builder.py
200 File Copy: C:\Python23\xmldoc\test\dom\ext\test_memory.py
200 File Copy: C:\Python23\xmldoc\test\dom\ext\test_nss_print.py
200 File Copy: C:\Python23\xmldoc\test\dom\ext\test_single_elements.py
200 File Copy: C:\Python23\xmldoc\test\dom\ext\test_xhtml_printer.py
100 Made Dir: C:\Python23\xmldoc\test\dom\html
200 File Copy: C:\Python23\xmldoc\test\dom\html\test.py
200 File Copy: C:\Python23\xmldoc\test\dom\html\test_a.py
200 File Copy: C:\Python23\xmldoc\test\dom\html\test_applet.py
200 File Copy: C:\Python23\xmldoc\test\dom\html\test_area.py
200 File Copy: C:\Python23\xmldoc\test\dom\html\test_base.py
200 File Copy: C:\Python23\xmldoc\test\dom\html\test_basefont.py
200 File Copy: C:\Python23\xmldoc\test\dom\html\test_blockquote.py
200 File Copy: C:\Python23\xmldoc\test\dom\html\test_body.py
200 File Copy: C:\Python23\xmldoc\test\dom\html\test_br.py
200 File Copy: C:\Python23\xmldoc\test\dom\html\test_button.py
200 File Copy: C:\Python23\xmldoc\test\dom\html\test_caption.py
200 File Copy: C:\Python23\xmldoc\test\dom\html\test_col.py
200 File Copy: C:\Python23\xmldoc\test\dom\html\test_collection.py
200 File Copy: C:\Python23\xmldoc\test\dom\html\test_dir.py
200 File Copy: C:\Python23\xmldoc\test\dom\html\test_div.py
200 File Copy: C:\Python23\xmldoc\test\dom\html\test_dl.py
200 File Copy: C:\Python23\xmldoc\test\dom\html\test_document.py
200 File Copy: C:\Python23\xmldoc\test\dom\html\test_element.py
200 File Copy: C:\Python23\xmldoc\test\dom\html\test_fieldset.py
200 File Copy: C:\Python23\xmldoc\test\dom\html\test_font.py
200 File Copy: C:\Python23\xmldoc\test\dom\html\test_form.py
200 File Copy: C:\Python23\xmldoc\test\dom\html\test_frame.py
200 File Copy: C:\Python23\xmldoc\test\dom\html\test_frameset.py
200 File Copy: C:\Python23\xmldoc\test\dom\html\test_h.py
200 File Copy: C:\Python23\xmldoc\test\dom\html\test_head.py
200 File Copy: C:\Python23\xmldoc\test\dom\html\test_hr.py
200 File Copy: C:\Python23\xmldoc\test\dom\html\test_html.py
200 File Copy: C:\Python23\xmldoc\test\dom\html\test_html_dom_implementation.py
200 File Copy: C:\Python23\xmldoc\test\dom\html\test_iframe.py
200 File Copy: C:\Python23\xmldoc\test\dom\html\test_img.py
200 File Copy: C:\Python23\xmldoc\test\dom\html\test_input.py
200 File Copy: C:\Python23\xmldoc\test\dom\html\test_isindex.py
200 File Copy: C:\Python23\xmldoc\test\dom\html\test_label.py
200 File Copy: C:\Python23\xmldoc\test\dom\html\test_legend.py
200 File Copy: C:\Python23\xmldoc\test\dom\html\test_li.py
200 File Copy: C:\Python23\xmldoc\test\dom\html\test_link.py
200 File Copy: C:\Python23\xmldoc\test\dom\html\test_map.py
200 File Copy: C:\Python23\xmldoc\test\dom\html\test_menu.py
200 File Copy: C:\Python23\xmldoc\test\dom\html\test_meta.py
200 File Copy: C:\Python23\xmldoc\test\dom\html\test_mod.py
200 File Copy: C:\Python23\xmldoc\test\dom\html\test_object.py
200 File Copy: C:\Python23\xmldoc\test\dom\html\test_ol.py
200 File Copy: C:\Python23\xmldoc\test\dom\html\test_optgroup.py
200 File Copy: C:\Python23\xmldoc\test\dom\html\test_option.py
200 File Copy: C:\Python23\xmldoc\test\dom\html\test_p.py
200 File Copy: C:\Python23\xmldoc\test\dom\html\test_param.py
200 File Copy: C:\Python23\xmldoc\test\dom\html\test_pre.py
200 File Copy: C:\Python23\xmldoc\test\dom\html\test_q.py
200 File Copy: C:\Python23\xmldoc\test\dom\html\test_script.py
200 File Copy: C:\Python23\xmldoc\test\dom\html\test_section.py
200 File Copy: C:\Python23\xmldoc\test\dom\html\test_select.py
200 File Copy: C:\Python23\xmldoc\test\dom\html\test_style.py
200 File Copy: C:\Python23\xmldoc\test\dom\html\test_table.py
200 File Copy: C:\Python23\xmldoc\test\dom\html\test_td.py
200 File Copy: C:\Python23\xmldoc\test\dom\html\test_textarea.py
200 File Copy: C:\Python23\xmldoc\test\dom\html\test_title.py
200 File Copy: C:\Python23\xmldoc\test\dom\html\test_tr.py
200 File Copy: C:\Python23\xmldoc\test\dom\html\test_ul.py
200 File Copy: C:\Python23\xmldoc\test\dom\html\util.py
100 Made Dir: C:\Python23\xmldoc\test\domapi
200 File Copy: C:\Python23\xmldoc\test\domapi\Base.py
200 File Copy: C:\Python23\xmldoc\test\domapi\CoreLvl1.py
200 File Copy: C:\Python23\xmldoc\test\domapi\CoreLvl2.py
200 File Copy: C:\Python23\xmldoc\test\domapi\CoreLvl3.py
200 File Copy: C:\Python23\xmldoc\test\domapi\Load3.py
200 File Copy: C:\Python23\xmldoc\test\domapi\TraversalLvl2.py
200 File Copy: C:\Python23\xmldoc\test\domapi\XMLLvl1.py
200 File Copy: C:\Python23\xmldoc\test\domapi\XMLLvl2.py
200 File Copy: C:\Python23\xmldoc\test\domapi\__init__.py
100 Made Dir: C:\Python23\xmldoc\test\output
200 File Copy: C:\Python23\xmldoc\test\output\test_c14n
200 File Copy: C:\Python23\xmldoc\test\output\test_dom
200 File Copy: C:\Python23\xmldoc\test\output\test_domreg
200 File Copy: C:\Python23\xmldoc\test\output\test_encodings
200 File Copy: C:\Python23\xmldoc\test\output\test_expatreader
200 File Copy: C:\Python23\xmldoc\test\output\test_filter
200 File Copy: C:\Python23\xmldoc\test\output\test_howto
200 File Copy: C:\Python23\xmldoc\test\output\test_htmlb
200 File Copy: C:\Python23\xmldoc\test\output\test_javadom
200 File Copy: C:\Python23\xmldoc\test\output\test_marshal
200 File Copy: C:\Python23\xmldoc\test\output\test_minidom
200 File Copy: C:\Python23\xmldoc\test\output\test_ns
200 File Copy: C:\Python23\xmldoc\test\output\test_parsers
200 File Copy: C:\Python23\xmldoc\test\output\test_pyexpat
200 File Copy: C:\Python23\xmldoc\test\output\test_sax
200 File Copy: C:\Python23\xmldoc\test\output\test_sax2
200 File Copy: C:\Python23\xmldoc\test\output\test_sax2_xmlproc
200 File Copy: C:\Python23\xmldoc\test\output\test_saxdrivers
200 File Copy: C:\Python23\xmldoc\test\output\test_sax_xmlproc
200 File Copy: C:\Python23\xmldoc\test\output\test_utils
200 File Copy: C:\Python23\xmldoc\test\output\test_xmlbuilder
200 File Copy: C:\Python23\xmldoc\test\output\test_xmlproc
100 Made Dir: C:\Python23\Lib\site-packages\_xmlplus
200 File Copy: C:\Python23\Lib\site-packages\_xmlplus\FtCore.py
200 File Copy: C:\Python23\Lib\site-packages\_xmlplus\ns.py
200 File Copy: C:\Python23\Lib\site-packages\_xmlplus\__init__.py
100 Made Dir: C:\Python23\Lib\site-packages\_xmlplus\dom
200 File Copy: C:\Python23\Lib\site-packages\_xmlplus\dom\Attr.py
200 File Copy: C:\Python23\Lib\site-packages\_xmlplus\dom\CDATASection.py
200 File Copy: C:\Python23\Lib\site-packages\_xmlplus\dom\CharacterData.py
200 File Copy: C:\Python23\Lib\site-packages\_xmlplus\dom\Comment.py
200 File Copy: C:\Python23\Lib\site-packages\_xmlplus\dom\Document.py
200 File Copy: C:\Python23\Lib\site-packages\_xmlplus\dom\DocumentFragment.py
200 File Copy: C:\Python23\Lib\site-packages\_xmlplus\dom\DocumentType.py
200 File Copy: C:\Python23\Lib\site-packages\_xmlplus\dom\DOMImplementation.py
200 File Copy: C:\Python23\Lib\site-packages\_xmlplus\dom\domreg.py
200 File Copy: C:\Python23\Lib\site-packages\_xmlplus\dom\Element.py
200 File Copy: C:\Python23\Lib\site-packages\_xmlplus\dom\Entity.py
200 File Copy: C:\Python23\Lib\site-packages\_xmlplus\dom\EntityReference.py
200 File Copy: C:\Python23\Lib\site-packages\_xmlplus\dom\Event.py
200 File Copy: C:\Python23\Lib\site-packages\_xmlplus\dom\expatbuilder.py
200 File Copy: C:\Python23\Lib\site-packages\_xmlplus\dom\FtNode.py
200 File Copy: C:\Python23\Lib\site-packages\_xmlplus\dom\javadom.py
200 File Copy: C:\Python23\Lib\site-packages\_xmlplus\dom\MessageSource.py
200 File Copy: C:\Python23\Lib\site-packages\_xmlplus\dom\minicompat.py
200 File Copy: C:\Python23\Lib\site-packages\_xmlplus\dom\minidom.py
200 File Copy: C:\Python23\Lib\site-packages\_xmlplus\dom\minitraversal.py
200 File Copy: C:\Python23\Lib\site-packages\_xmlplus\dom\NamedNodeMap.py
200 File Copy: C:\Python23\Lib\site-packages\_xmlplus\dom\NodeFilter.py
200 File Copy: C:\Python23\Lib\site-packages\_xmlplus\dom\NodeIterator.py
200 File Copy: C:\Python23\Lib\site-packages\_xmlplus\dom\NodeList.py
200 File Copy: C:\Python23\Lib\site-packages\_xmlplus\dom\Notation.py
200 File Copy: C:\Python23\Lib\site-packages\_xmlplus\dom\ProcessingInstruction.py
200 File Copy: C:\Python23\Lib\site-packages\_xmlplus\dom\pulldom.py
200 File Copy: C:\Python23\Lib\site-packages\_xmlplus\dom\Range.py
200 File Copy: C:\Python23\Lib\site-packages\_xmlplus\dom\Text.py
200 File Copy: C:\Python23\Lib\site-packages\_xmlplus\dom\TreeWalker.py
200 File Copy: C:\Python23\Lib\site-packages\_xmlplus\dom\xmlbuilder.py
200 File Copy: C:\Python23\Lib\site-packages\_xmlplus\dom\__init__.py
100 Made Dir: C:\Python23\Lib\site-packages\_xmlplus\dom\de
100 Made Dir: C:\Python23\Lib\site-packages\_xmlplus\dom\de\LC_MESSAGES
200 File Copy: C:\Python23\Lib\site-packages\_xmlplus\dom\de\LC_MESSAGES\4Suite.mo
100 Made Dir: C:\Python23\Lib\site-packages\_xmlplus\dom\en_US
100 Made Dir: C:\Python23\Lib\site-packages\_xmlplus\dom\en_US\LC_MESSAGES
200 File Copy: C:\Python23\Lib\site-packages\_xmlplus\dom\en_US\LC_MESSAGES\4Suite.mo
100 Made Dir: C:\Python23\Lib\site-packages\_xmlplus\dom\ext
200 File Copy: C:\Python23\Lib\site-packages\_xmlplus\dom\ext\c14n.py
200 File Copy: C:\Python23\Lib\site-packages\_xmlplus\dom\ext\Dom2Sax.py
200 File Copy: C:\Python23\Lib\site-packages\_xmlplus\dom\ext\Printer.py
200 File Copy: C:\Python23\Lib\site-packages\_xmlplus\dom\ext\Visitor.py
200 File Copy: C:\Python23\Lib\site-packages\_xmlplus\dom\ext\XHtml2HtmlPrinter.py
200 File Copy: C:\Python23\Lib\site-packages\_xmlplus\dom\ext\XHtmlPrinter.py
200 File Copy: C:\Python23\Lib\site-packages\_xmlplus\dom\ext\__init__.py
100 Made Dir: C:\Python23\Lib\site-packages\_xmlplus\dom\ext\reader
200 File Copy: C:\Python23\Lib\site-packages\_xmlplus\dom\ext\reader\HtmlLib.py
200 File Copy: C:\Python23\Lib\site-packages\_xmlplus\dom\ext\reader\HtmlSax.py
200 File Copy: C:\Python23\Lib\site-packages\_xmlplus\dom\ext\reader\PyExpat.py
200 File Copy: C:\Python23\Lib\site-packages\_xmlplus\dom\ext\reader\Sax.py
200 File Copy: C:\Python23\Lib\site-packages\_xmlplus\dom\ext\reader\Sax2.py
200 File Copy: C:\Python23\Lib\site-packages\_xmlplus\dom\ext\reader\Sax2Lib.py
200 File Copy: C:\Python23\Lib\site-packages\_xmlplus\dom\ext\reader\Sgmlop.py
200 File Copy: C:\Python23\Lib\site-packages\_xmlplus\dom\ext\reader\__init__.py
100 Made Dir: C:\Python23\Lib\site-packages\_xmlplus\dom\fr_FR
100 Made Dir: C:\Python23\Lib\site-packages\_xmlplus\dom\fr_FR\LC_MESSAGES
200 File Copy: C:\Python23\Lib\site-packages\_xmlplus\dom\fr_FR\LC_MESSAGES\4Suite.mo
100 Made Dir: C:\Python23\Lib\site-packages\_xmlplus\dom\html
200 File Copy: C:\Python23\Lib\site-packages\_xmlplus\dom\html\GenerateHtml.py
200 File Copy: C:\Python23\Lib\site-packages\_xmlplus\dom\html\HTMLAnchorElement.py
200 File Copy: C:\Python23\Lib\site-packages\_xmlplus\dom\html\HTMLAppletElement.py
200 File Copy: C:\Python23\Lib\site-packages\_xmlplus\dom\html\HTMLAreaElement.py
200 File Copy: C:\Python23\Lib\site-packages\_xmlplus\dom\html\HTMLBaseElement.py
200 File Copy: C:\Python23\Lib\site-packages\_xmlplus\dom\html\HTMLBaseFontElement.py
200 File Copy: C:\Python23\Lib\site-packages\_xmlplus\dom\html\HTMLBodyElement.py
200 File Copy: C:\Python23\Lib\site-packages\_xmlplus\dom\html\HTMLBRElement.py
200 File Copy: C:\Python23\Lib\site-packages\_xmlplus\dom\html\HTMLButtonElement.py
200 File Copy: C:\Python23\Lib\site-packages\_xmlplus\dom\html\HTMLCollection.py
200 File Copy: C:\Python23\Lib\site-packages\_xmlplus\dom\html\HTMLDirectoryElement.py
200 File Copy: C:\Python23\Lib\site-packages\_xmlplus\dom\html\HTMLDivElement.py
200 File Copy: C:\Python23\Lib\site-packages\_xmlplus\dom\html\HTMLDListElement.py
200 File Copy: C:\Python23\Lib\site-packages\_xmlplus\dom\html\HTMLDocument.py
200 File Copy: C:\Python23\Lib\site-packages\_xmlplus\dom\html\HTMLDOMImplementation.py
200 File Copy: C:\Python23\Lib\site-packages\_xmlplus\dom\html\HTMLElement.py
200 File Copy: C:\Python23\Lib\site-packages\_xmlplus\dom\html\HTMLFieldSetElement.py
200 File Copy: C:\Python23\Lib\site-packages\_xmlplus\dom\html\HTMLFontElement.py
200 File Copy: C:\Python23\Lib\site-packages\_xmlplus\dom\html\HTMLFormElement.py
200 File Copy: C:\Python23\Lib\site-packages\_xmlplus\dom\html\HTMLFrameElement.py
200 File Copy: C:\Python23\Lib\site-packages\_xmlplus\dom\html\HTMLFrameSetElement.py
200 File Copy: C:\Python23\Lib\site-packages\_xmlplus\dom\html\HTMLHeadElement.py
200 File Copy: C:\Python23\Lib\site-packages\_xmlplus\dom\html\HTMLHeadingElement.py
200 File Copy: C:\Python23\Lib\site-packages\_xmlplus\dom\html\HTMLHRElement.py
200 File Copy: C:\Python23\Lib\site-packages\_xmlplus\dom\html\HTMLHtmlElement.py
200 File Copy: C:\Python23\Lib\site-packages\_xmlplus\dom\html\HTMLIFrameElement.py
200 File Copy: C:\Python23\Lib\site-packages\_xmlplus\dom\html\HTMLImageElement.py
200 File Copy: C:\Python23\Lib\site-packages\_xmlplus\dom\html\HTMLInputElement.py
200 File Copy: C:\Python23\Lib\site-packages\_xmlplus\dom\html\HTMLIsIndexElement.py
200 File Copy: C:\Python23\Lib\site-packages\_xmlplus\dom\html\HTMLLabelElement.py
200 File Copy: C:\Python23\Lib\site-packages\_xmlplus\dom\html\HTMLLegendElement.py
200 File Copy: C:\Python23\Lib\site-packages\_xmlplus\dom\html\HTMLLIElement.py
200 File Copy: C:\Python23\Lib\site-packages\_xmlplus\dom\html\HTMLLinkElement.py
200 File Copy: C:\Python23\Lib\site-packages\_xmlplus\dom\html\HTMLMapElement.py
200 File Copy: C:\Python23\Lib\site-packages\_xmlplus\dom\html\HTMLMenuElement.py
200 File Copy: C:\Python23\Lib\site-packages\_xmlplus\dom\html\HTMLMetaElement.py
200 File Copy: C:\Python23\Lib\site-packages\_xmlplus\dom\html\HTMLModElement.py
200 File Copy: C:\Python23\Lib\site-packages\_xmlplus\dom\html\HTMLObjectElement.py
200 File Copy: C:\Python23\Lib\site-packages\_xmlplus\dom\html\HTMLOListElement.py
200 File Copy: C:\Python23\Lib\site-packages\_xmlplus\dom\html\HTMLOptGroupElement.py
200 File Copy: C:\Python23\Lib\site-packages\_xmlplus\dom\html\HTMLOptionElement.py
200 File Copy: C:\Python23\Lib\site-packages\_xmlplus\dom\html\HTMLParagraphElement.py
200 File Copy: C:\Python23\Lib\site-packages\_xmlplus\dom\html\HTMLParamElement.py
200 File Copy: C:\Python23\Lib\site-packages\_xmlplus\dom\html\HTMLPreElement.py
200 File Copy: C:\Python23\Lib\site-packages\_xmlplus\dom\html\HTMLQuoteElement.py
200 File Copy: C:\Python23\Lib\site-packages\_xmlplus\dom\html\HTMLScriptElement.py
200 File Copy: C:\Python23\Lib\site-packages\_xmlplus\dom\html\HTMLSelectElement.py
200 File Copy: C:\Python23\Lib\site-packages\_xmlplus\dom\html\HTMLStyleElement.py
200 File Copy: C:\Python23\Lib\site-packages\_xmlplus\dom\html\HTMLTableCaptionElement.py
200 File Copy: C:\Python23\Lib\site-packages\_xmlplus\dom\html\HTMLTableCellElement.py
200 File Copy: C:\Python23\Lib\site-packages\_xmlplus\dom\html\HTMLTableColElement.py
200 File Copy: C:\Python23\Lib\site-packages\_xmlplus\dom\html\HTMLTableElement.py
200 File Copy: C:\Python23\Lib\site-packages\_xmlplus\dom\html\HTMLTableRowElement.py
200 File Copy: C:\Python23\Lib\site-packages\_xmlplus\dom\html\HTMLTableSectionElement.py
200 File Copy: C:\Python23\Lib\site-packages\_xmlplus\dom\html\HTMLTextAreaElement.py
200 File Copy: C:\Python23\Lib\site-packages\_xmlplus\dom\html\HTMLTitleElement.py
200 File Copy: C:\Python23\Lib\site-packages\_xmlplus\dom\html\HTMLUListElement.py
200 File Copy: C:\Python23\Lib\site-packages\_xmlplus\dom\html\__init__.py
100 Made Dir: C:\Python23\Lib\site-packages\_xmlplus\marshal
200 File Copy: C:\Python23\Lib\site-packages\_xmlplus\marshal\generic.py
200 File Copy: C:\Python23\Lib\site-packages\_xmlplus\marshal\wddx.py
200 File Copy: C:\Python23\Lib\site-packages\_xmlplus\marshal\__init__.py
100 Made Dir: C:\Python23\Lib\site-packages\_xmlplus\parsers
200 File Copy: C:\Python23\Lib\site-packages\_xmlplus\parsers\expat.py
200 File Copy: C:\Python23\Lib\site-packages\_xmlplus\parsers\pyexpat.pyd
200 File Copy: C:\Python23\Lib\site-packages\_xmlplus\parsers\sgmllib.py
200 File Copy: C:\Python23\Lib\site-packages\_xmlplus\parsers\sgmlop.pyd
200 File Copy: C:\Python23\Lib\site-packages\_xmlplus\parsers\__init__.py
100 Made Dir: C:\Python23\Lib\site-packages\_xmlplus\parsers\xmlproc
200 File Copy: C:\Python23\Lib\site-packages\_xmlplus\parsers\xmlproc\catalog.py
200 File Copy: C:\Python23\Lib\site-packages\_xmlplus\parsers\xmlproc\charconv.py
200 File Copy: C:\Python23\Lib\site-packages\_xmlplus\parsers\xmlproc\dtdparser.py
200 File Copy: C:\Python23\Lib\site-packages\_xmlplus\parsers\xmlproc\errors.py
200 File Copy: C:\Python23\Lib\site-packages\_xmlplus\parsers\xmlproc\namespace.py
200 File Copy: C:\Python23\Lib\site-packages\_xmlplus\parsers\xmlproc\utils.py
200 File Copy: C:\Python23\Lib\site-packages\_xmlplus\parsers\xmlproc\xcatalog.py
200 File Copy: C:\Python23\Lib\site-packages\_xmlplus\parsers\xmlproc\xmlapp.py
200 File Copy: C:\Python23\Lib\site-packages\_xmlplus\parsers\xmlproc\xmldtd.py
200 File Copy: C:\Python23\Lib\site-packages\_xmlplus\parsers\xmlproc\xmlproc.py
200 File Copy: C:\Python23\Lib\site-packages\_xmlplus\parsers\xmlproc\xmlutils.py
200 File Copy: C:\Python23\Lib\site-packages\_xmlplus\parsers\xmlproc\xmlval.py
200 File Copy: C:\Python23\Lib\site-packages\_xmlplus\parsers\xmlproc\_outputters.py
200 File Copy: C:\Python23\Lib\site-packages\_xmlplus\parsers\xmlproc\__init__.py
100 Made Dir: C:\Python23\Lib\site-packages\_xmlplus\sax
200 File Copy: C:\Python23\Lib\site-packages\_xmlplus\sax\expatreader.py
200 File Copy: C:\Python23\Lib\site-packages\_xmlplus\sax\handler.py
200 File Copy: C:\Python23\Lib\site-packages\_xmlplus\sax\sax2exts.py
200 File Copy: C:\Python23\Lib\site-packages\_xmlplus\sax\saxexts.py
200 File Copy: C:\Python23\Lib\site-packages\_xmlplus\sax\saxlib.py
200 File Copy: C:\Python23\Lib\site-packages\_xmlplus\sax\saxutils.py
200 File Copy: C:\Python23\Lib\site-packages\_xmlplus\sax\writer.py
200 File Copy: C:\Python23\Lib\site-packages\_xmlplus\sax\xmlreader.py
200 File Copy: C:\Python23\Lib\site-packages\_xmlplus\sax\_exceptions.py
200 File Copy: C:\Python23\Lib\site-packages\_xmlplus\sax\__init__.py
100 Made Dir: C:\Python23\Lib\site-packages\_xmlplus\sax\drivers
200 File Copy: C:\Python23\Lib\site-packages\_xmlplus\sax\drivers\drv_htmllib.py
200 File Copy: C:\Python23\Lib\site-packages\_xmlplus\sax\drivers\drv_ltdriver.py
200 File Copy: C:\Python23\Lib\site-packages\_xmlplus\sax\drivers\drv_ltdriver_val.py
200 File Copy: C:\Python23\Lib\site-packages\_xmlplus\sax\drivers\drv_pyexpat.py
200 File Copy: C:\Python23\Lib\site-packages\_xmlplus\sax\drivers\drv_sgmllib.py
200 File Copy: C:\Python23\Lib\site-packages\_xmlplus\sax\drivers\drv_sgmlop.py
200 File Copy: C:\Python23\Lib\site-packages\_xmlplus\sax\drivers\drv_xmldc.py
200 File Copy: C:\Python23\Lib\site-packages\_xmlplus\sax\drivers\drv_xmllib.py
200 File Copy: C:\Python23\Lib\site-packages\_xmlplus\sax\drivers\drv_xmlproc.py
200 File Copy: C:\Python23\Lib\site-packages\_xmlplus\sax\drivers\drv_xmlproc_val.py
200 File Copy: C:\Python23\Lib\site-packages\_xmlplus\sax\drivers\drv_xmltoolkit.py
200 File Copy: C:\Python23\Lib\site-packages\_xmlplus\sax\drivers\pylibs.py
200 File Copy: C:\Python23\Lib\site-packages\_xmlplus\sax\drivers\__init__.py
100 Made Dir: C:\Python23\Lib\site-packages\_xmlplus\sax\drivers2
200 File Copy: C:\Python23\Lib\site-packages\_xmlplus\sax\drivers2\drv_htmllib.py
200 File Copy: C:\Python23\Lib\site-packages\_xmlplus\sax\drivers2\drv_javasax.py
200 File Copy: C:\Python23\Lib\site-packages\_xmlplus\sax\drivers2\drv_pyexpat.py
200 File Copy: C:\Python23\Lib\site-packages\_xmlplus\sax\drivers2\drv_sgmllib.py
200 File Copy: C:\Python23\Lib\site-packages\_xmlplus\sax\drivers2\drv_sgmlop.py
200 File Copy: C:\Python23\Lib\site-packages\_xmlplus\sax\drivers2\drv_sgmlop_html.py
200 File Copy: C:\Python23\Lib\site-packages\_xmlplus\sax\drivers2\drv_xmlproc.py
200 File Copy: C:\Python23\Lib\site-packages\_xmlplus\sax\drivers2\__init__.py
100 Made Dir: C:\Python23\Lib\site-packages\_xmlplus\schema
200 File Copy: C:\Python23\Lib\site-packages\_xmlplus\schema\trex.py
200 File Copy: C:\Python23\Lib\site-packages\_xmlplus\schema\__init__.py
100 Made Dir: C:\Python23\Lib\site-packages\_xmlplus\unicode
200 File Copy: C:\Python23\Lib\site-packages\_xmlplus\unicode\iso8859.py
200 File Copy: C:\Python23\Lib\site-packages\_xmlplus\unicode\utf8_iso.py
200 File Copy: C:\Python23\Lib\site-packages\_xmlplus\unicode\__init__.py
100 Made Dir: C:\Python23\Lib\site-packages\_xmlplus\utils
200 File Copy: C:\Python23\Lib\site-packages\_xmlplus\utils\boolean.pyd
200 File Copy: C:\Python23\Lib\site-packages\_xmlplus\utils\characters.py
200 File Copy: C:\Python23\Lib\site-packages\_xmlplus\utils\iso8601.py
200 File Copy: C:\Python23\Lib\site-packages\_xmlplus\utils\qp_xml.py
200 File Copy: C:\Python23\Lib\site-packages\_xmlplus\utils\__init__.py
100 Made Dir: C:\Python23\Lib\site-packages\_xmlplus\xpath
200 File Copy: C:\Python23\Lib\site-packages\_xmlplus\xpath\BuiltInExtFunctions.py
200 File Copy: C:\Python23\Lib\site-packages\_xmlplus\xpath\Context.py
200 File Copy: C:\Python23\Lib\site-packages\_xmlplus\xpath\Conversions.py
200 File Copy: C:\Python23\Lib\site-packages\_xmlplus\xpath\CoreFunctions.py
200 File Copy: C:\Python23\Lib\site-packages\_xmlplus\xpath\ExpandedNameWrapper.py
200 File Copy: C:\Python23\Lib\site-packages\_xmlplus\xpath\MessageSource.py
200 File Copy: C:\Python23\Lib\site-packages\_xmlplus\xpath\NamespaceNode.py
200 File Copy: C:\Python23\Lib\site-packages\_xmlplus\xpath\ParsedAbbreviatedAbsoluteLocationPath.py
200 File Copy: C:\Python23\Lib\site-packages\_xmlplus\xpath\ParsedAbbreviatedRelativeLocationPath.py
200 File Copy: C:\Python23\Lib\site-packages\_xmlplus\xpath\ParsedAbsoluteLocationPath.py
200 File Copy: C:\Python23\Lib\site-packages\_xmlplus\xpath\ParsedAxisSpecifier.py
200 File Copy: C:\Python23\Lib\site-packages\_xmlplus\xpath\ParsedExpr.py
200 File Copy: C:\Python23\Lib\site-packages\_xmlplus\xpath\ParsedNodeTest.py
200 File Copy: C:\Python23\Lib\site-packages\_xmlplus\xpath\ParsedPredicateList.py
200 File Copy: C:\Python23\Lib\site-packages\_xmlplus\xpath\ParsedRelativeLocationPath.py
200 File Copy: C:\Python23\Lib\site-packages\_xmlplus\xpath\ParsedStep.py
200 File Copy: C:\Python23\Lib\site-packages\_xmlplus\xpath\pyxpath.py
200 File Copy: C:\Python23\Lib\site-packages\_xmlplus\xpath\Set.py
200 File Copy: C:\Python23\Lib\site-packages\_xmlplus\xpath\Util.py
200 File Copy: C:\Python23\Lib\site-packages\_xmlplus\xpath\XPathGrammar.py
200 File Copy: C:\Python23\Lib\site-packages\_xmlplus\xpath\XPathParser.py
200 File Copy: C:\Python23\Lib\site-packages\_xmlplus\xpath\XPathParserBase.py
200 File Copy: C:\Python23\Lib\site-packages\_xmlplus\xpath\yappsrt.py
200 File Copy: C:\Python23\Lib\site-packages\_xmlplus\xpath\__init__.py
100 Made Dir: C:\Python23\Scripts
200 File Copy: C:\Python23\Scripts\xmlproc_parse
200 File Copy: C:\Python23\Scripts\xmlproc_val
200 File Copy: C:\Python23\Lib\site-packages\_xmlplus\xpath\__init__.pyc
200 File Copy: C:\Python23\Lib\site-packages\_xmlplus\xpath\yappsrt.pyc
200 File Copy: C:\Python23\Lib\site-packages\_xmlplus\xpath\XPathParserBase.pyc
200 File Copy: C:\Python23\Lib\site-packages\_xmlplus\xpath\XPathParser.pyc
200 File Copy: C:\Python23\Lib\site-packages\_xmlplus\xpath\XPathGrammar.pyc
200 File Copy: C:\Python23\Lib\site-packages\_xmlplus\xpath\Util.pyc
200 File Copy: C:\Python23\Lib\site-packages\_xmlplus\xpath\Set.pyc
200 File Copy: C:\Python23\Lib\site-packages\_xmlplus\xpath\pyxpath.pyc
200 File Copy: C:\Python23\Lib\site-packages\_xmlplus\xpath\ParsedStep.pyc
200 File Copy: C:\Python23\Lib\site-packages\_xmlplus\xpath\ParsedRelativeLocationPath.pyc
200 File Copy: C:\Python23\Lib\site-packages\_xmlplus\xpath\ParsedPredicateList.pyc
200 File Copy: C:\Python23\Lib\site-packages\_xmlplus\xpath\ParsedNodeTest.pyc
200 File Copy: C:\Python23\Lib\site-packages\_xmlplus\xpath\ParsedExpr.pyc
200 File Copy: C:\Python23\Lib\site-packages\_xmlplus\xpath\ParsedAxisSpecifier.pyc
200 File Copy: C:\Python23\Lib\site-packages\_xmlplus\xpath\ParsedAbsoluteLocationPath.pyc
200 File Copy: C:\Python23\Lib\site-packages\_xmlplus\xpath\ParsedAbbreviatedRelativeLocationPath.pyc
200 File Copy: C:\Python23\Lib\site-packages\_xmlplus\xpath\ParsedAbbreviatedAbsoluteLocationPath.pyc
200 File Copy: C:\Python23\Lib\site-packages\_xmlplus\xpath\NamespaceNode.pyc
200 File Copy: C:\Python23\Lib\site-packages\_xmlplus\xpath\MessageSource.pyc
200 File Copy: C:\Python23\Lib\site-packages\_xmlplus\xpath\ExpandedNameWrapper.pyc
200 File Copy: C:\Python23\Lib\site-packages\_xmlplus\xpath\CoreFunctions.pyc
200 File Copy: C:\Python23\Lib\site-packages\_xmlplus\xpath\Conversions.pyc
200 File Copy: C:\Python23\Lib\site-packages\_xmlplus\xpath\Context.pyc
200 File Copy: C:\Python23\Lib\site-packages\_xmlplus\xpath\BuiltInExtFunctions.pyc
200 File Copy: C:\Python23\Lib\site-packages\_xmlplus\utils\__init__.pyc
200 File Copy: C:\Python23\Lib\site-packages\_xmlplus\utils\qp_xml.pyc
200 File Copy: C:\Python23\Lib\site-packages\_xmlplus\utils\iso8601.pyc
200 File Copy: C:\Python23\Lib\site-packages\_xmlplus\utils\characters.pyc
200 File Copy: C:\Python23\Lib\site-packages\_xmlplus\unicode\__init__.pyc
200 File Copy: C:\Python23\Lib\site-packages\_xmlplus\unicode\utf8_iso.pyc
200 File Copy: C:\Python23\Lib\site-packages\_xmlplus\unicode\iso8859.pyc
200 File Copy: C:\Python23\Lib\site-packages\_xmlplus\schema\__init__.pyc
200 File Copy: C:\Python23\Lib\site-packages\_xmlplus\schema\trex.pyc
200 File Copy: C:\Python23\Lib\site-packages\_xmlplus\sax\drivers2\__init__.pyc
200 File Copy: C:\Python23\Lib\site-packages\_xmlplus\sax\drivers2\drv_xmlproc.pyc
200 File Copy: C:\Python23\Lib\site-packages\_xmlplus\sax\drivers2\drv_sgmlop_html.pyc
200 File Copy: C:\Python23\Lib\site-packages\_xmlplus\sax\drivers2\drv_sgmlop.pyc
200 File Copy: C:\Python23\Lib\site-packages\_xmlplus\sax\drivers2\drv_sgmllib.pyc
200 File Copy: C:\Python23\Lib\site-packages\_xmlplus\sax\drivers2\drv_pyexpat.pyc
200 File Copy: C:\Python23\Lib\site-packages\_xmlplus\sax\drivers2\drv_javasax.pyc
200 File Copy: C:\Python23\Lib\site-packages\_xmlplus\sax\drivers2\drv_htmllib.pyc
200 File Copy: C:\Python23\Lib\site-packages\_xmlplus\sax\drivers\__init__.pyc
200 File Copy: C:\Python23\Lib\site-packages\_xmlplus\sax\drivers\pylibs.pyc
200 File Copy: C:\Python23\Lib\site-packages\_xmlplus\sax\drivers\drv_xmltoolkit.pyc
200 File Copy: C:\Python23\Lib\site-packages\_xmlplus\sax\drivers\drv_xmlproc_val.pyc
200 File Copy: C:\Python23\Lib\site-packages\_xmlplus\sax\drivers\drv_xmlproc.pyc
200 File Copy: C:\Python23\Lib\site-packages\_xmlplus\sax\drivers\drv_xmllib.pyc
200 File Copy: C:\Python23\Lib\site-packages\_xmlplus\sax\drivers\drv_xmldc.pyc
200 File Copy: C:\Python23\Lib\site-packages\_xmlplus\sax\drivers\drv_sgmlop.pyc
200 File Copy: C:\Python23\Lib\site-packages\_xmlplus\sax\drivers\drv_sgmllib.pyc
200 File Copy: C:\Python23\Lib\site-packages\_xmlplus\sax\drivers\drv_pyexpat.pyc
200 File Copy: C:\Python23\Lib\site-packages\_xmlplus\sax\drivers\drv_ltdriver_val.pyc
200 File Copy: C:\Python23\Lib\site-packages\_xmlplus\sax\drivers\drv_ltdriver.pyc
200 File Copy: C:\Python23\Lib\site-packages\_xmlplus\sax\drivers\drv_htmllib.pyc
200 File Copy: C:\Python23\Lib\site-packages\_xmlplus\sax\__init__.pyc
200 File Copy: C:\Python23\Lib\site-packages\_xmlplus\sax\_exceptions.pyc
200 File Copy: C:\Python23\Lib\site-packages\_xmlplus\sax\xmlreader.pyc
200 File Copy: C:\Python23\Lib\site-packages\_xmlplus\sax\writer.pyc
200 File Copy: C:\Python23\Lib\site-packages\_xmlplus\sax\saxutils.pyc
200 File Copy: C:\Python23\Lib\site-packages\_xmlplus\sax\saxlib.pyc
200 File Copy: C:\Python23\Lib\site-packages\_xmlplus\sax\saxexts.pyc
200 File Copy: C:\Python23\Lib\site-packages\_xmlplus\sax\sax2exts.pyc
200 File Copy: C:\Python23\Lib\site-packages\_xmlplus\sax\handler.pyc
200 File Copy: C:\Python23\Lib\site-packages\_xmlplus\sax\expatreader.pyc
200 File Copy: C:\Python23\Lib\site-packages\_xmlplus\parsers\xmlproc\__init__.pyc
200 File Copy: C:\Python23\Lib\site-packages\_xmlplus\parsers\xmlproc\_outputters.pyc
200 File Copy: C:\Python23\Lib\site-packages\_xmlplus\parsers\xmlproc\xmlval.pyc
200 File Copy: C:\Python23\Lib\site-packages\_xmlplus\parsers\xmlproc\xmlutils.pyc
200 File Copy: C:\Python23\Lib\site-packages\_xmlplus\parsers\xmlproc\xmlproc.pyc
200 File Copy: C:\Python23\Lib\site-packages\_xmlplus\parsers\xmlproc\xmldtd.pyc
200 File Copy: C:\Python23\Lib\site-packages\_xmlplus\parsers\xmlproc\xmlapp.pyc
200 File Copy: C:\Python23\Lib\site-packages\_xmlplus\parsers\xmlproc\xcatalog.pyc
200 File Copy: C:\Python23\Lib\site-packages\_xmlplus\parsers\xmlproc\utils.pyc
200 File Copy: C:\Python23\Lib\site-packages\_xmlplus\parsers\xmlproc\namespace.pyc
200 File Copy: C:\Python23\Lib\site-packages\_xmlplus\parsers\xmlproc\errors.pyc
200 File Copy: C:\Python23\Lib\site-packages\_xmlplus\parsers\xmlproc\dtdparser.pyc
200 File Copy: C:\Python23\Lib\site-packages\_xmlplus\parsers\xmlproc\charconv.pyc
200 File Copy: C:\Python23\Lib\site-packages\_xmlplus\parsers\xmlproc\catalog.pyc
200 File Copy: C:\Python23\Lib\site-packages\_xmlplus\parsers\__init__.pyc
200 File Copy: C:\Python23\Lib\site-packages\_xmlplus\parsers\sgmllib.pyc
200 File Copy: C:\Python23\Lib\site-packages\_xmlplus\parsers\expat.pyc
200 File Copy: C:\Python23\Lib\site-packages\_xmlplus\marshal\__init__.pyc
200 File Copy: C:\Python23\Lib\site-packages\_xmlplus\marshal\wddx.pyc
200 File Copy: C:\Python23\Lib\site-packages\_xmlplus\marshal\generic.pyc
200 File Copy: C:\Python23\Lib\site-packages\_xmlplus\dom\html\__init__.pyc
200 File Copy: C:\Python23\Lib\site-packages\_xmlplus\dom\html\HTMLUListElement.pyc
200 File Copy: C:\Python23\Lib\site-packages\_xmlplus\dom\html\HTMLTitleElement.pyc
200 File Copy: C:\Python23\Lib\site-packages\_xmlplus\dom\html\HTMLTextAreaElement.pyc
200 File Copy: C:\Python23\Lib\site-packages\_xmlplus\dom\html\HTMLTableSectionElement.pyc
200 File Copy: C:\Python23\Lib\site-packages\_xmlplus\dom\html\HTMLTableRowElement.pyc
200 File Copy: C:\Python23\Lib\site-packages\_xmlplus\dom\html\HTMLTableElement.pyc
200 File Copy: C:\Python23\Lib\site-packages\_xmlplus\dom\html\HTMLTableColElement.pyc
200 File Copy: C:\Python23\Lib\site-packages\_xmlplus\dom\html\HTMLTableCellElement.pyc
200 File Copy: C:\Python23\Lib\site-packages\_xmlplus\dom\html\HTMLTableCaptionElement.pyc
200 File Copy: C:\Python23\Lib\site-packages\_xmlplus\dom\html\HTMLStyleElement.pyc
200 File Copy: C:\Python23\Lib\site-packages\_xmlplus\dom\html\HTMLSelectElement.pyc
200 File Copy: C:\Python23\Lib\site-packages\_xmlplus\dom\html\HTMLScriptElement.pyc
200 File Copy: C:\Python23\Lib\site-packages\_xmlplus\dom\html\HTMLQuoteElement.pyc
200 File Copy: C:\Python23\Lib\site-packages\_xmlplus\dom\html\HTMLPreElement.pyc
200 File Copy: C:\Python23\Lib\site-packages\_xmlplus\dom\html\HTMLParamElement.pyc
200 File Copy: C:\Python23\Lib\site-packages\_xmlplus\dom\html\HTMLParagraphElement.pyc
200 File Copy: C:\Python23\Lib\site-packages\_xmlplus\dom\html\HTMLOptionElement.pyc
200 File Copy: C:\Python23\Lib\site-packages\_xmlplus\dom\html\HTMLOptGroupElement.pyc
200 File Copy: C:\Python23\Lib\site-packages\_xmlplus\dom\html\HTMLOListElement.pyc
200 File Copy: C:\Python23\Lib\site-packages\_xmlplus\dom\html\HTMLObjectElement.pyc
200 File Copy: C:\Python23\Lib\site-packages\_xmlplus\dom\html\HTMLModElement.pyc
200 File Copy: C:\Python23\Lib\site-packages\_xmlplus\dom\html\HTMLMetaElement.pyc
200 File Copy: C:\Python23\Lib\site-packages\_xmlplus\dom\html\HTMLMenuElement.pyc
200 File Copy: C:\Python23\Lib\site-packages\_xmlplus\dom\html\HTMLMapElement.pyc
200 File Copy: C:\Python23\Lib\site-packages\_xmlplus\dom\html\HTMLLinkElement.pyc
200 File Copy: C:\Python23\Lib\site-packages\_xmlplus\dom\html\HTMLLIElement.pyc
200 File Copy: C:\Python23\Lib\site-packages\_xmlplus\dom\html\HTMLLegendElement.pyc
200 File Copy: C:\Python23\Lib\site-packages\_xmlplus\dom\html\HTMLLabelElement.pyc
200 File Copy: C:\Python23\Lib\site-packages\_xmlplus\dom\html\HTMLIsIndexElement.pyc
200 File Copy: C:\Python23\Lib\site-packages\_xmlplus\dom\html\HTMLInputElement.pyc
200 File Copy: C:\Python23\Lib\site-packages\_xmlplus\dom\html\HTMLImageElement.pyc
200 File Copy: C:\Python23\Lib\site-packages\_xmlplus\dom\html\HTMLIFrameElement.pyc
200 File Copy: C:\Python23\Lib\site-packages\_xmlplus\dom\html\HTMLHtmlElement.pyc
200 File Copy: C:\Python23\Lib\site-packages\_xmlplus\dom\html\HTMLHRElement.pyc
200 File Copy: C:\Python23\Lib\site-packages\_xmlplus\dom\html\HTMLHeadingElement.pyc
200 File Copy: C:\Python23\Lib\site-packages\_xmlplus\dom\html\HTMLHeadElement.pyc
200 File Copy: C:\Python23\Lib\site-packages\_xmlplus\dom\html\HTMLFrameSetElement.pyc
200 File Copy: C:\Python23\Lib\site-packages\_xmlplus\dom\html\HTMLFrameElement.pyc
200 File Copy: C:\Python23\Lib\site-packages\_xmlplus\dom\html\HTMLFormElement.pyc
200 File Copy: C:\Python23\Lib\site-packages\_xmlplus\dom\html\HTMLFontElement.pyc
200 File Copy: C:\Python23\Lib\site-packages\_xmlplus\dom\html\HTMLFieldSetElement.pyc
200 File Copy: C:\Python23\Lib\site-packages\_xmlplus\dom\html\HTMLElement.pyc
200 File Copy: C:\Python23\Lib\site-packages\_xmlplus\dom\html\HTMLDOMImplementation.pyc
200 File Copy: C:\Python23\Lib\site-packages\_xmlplus\dom\html\HTMLDocument.pyc
200 File Copy: C:\Python23\Lib\site-packages\_xmlplus\dom\html\HTMLDListElement.pyc
200 File Copy: C:\Python23\Lib\site-packages\_xmlplus\dom\html\HTMLDivElement.pyc
200 File Copy: C:\Python23\Lib\site-packages\_xmlplus\dom\html\HTMLDirectoryElement.pyc
200 File Copy: C:\Python23\Lib\site-packages\_xmlplus\dom\html\HTMLCollection.pyc
200 File Copy: C:\Python23\Lib\site-packages\_xmlplus\dom\html\HTMLButtonElement.pyc
200 File Copy: C:\Python23\Lib\site-packages\_xmlplus\dom\html\HTMLBRElement.pyc
200 File Copy: C:\Python23\Lib\site-packages\_xmlplus\dom\html\HTMLBodyElement.pyc
200 File Copy: C:\Python23\Lib\site-packages\_xmlplus\dom\html\HTMLBaseFontElement.pyc
200 File Copy: C:\Python23\Lib\site-packages\_xmlplus\dom\html\HTMLBaseElement.pyc
200 File Copy: C:\Python23\Lib\site-packages\_xmlplus\dom\html\HTMLAreaElement.pyc
200 File Copy: C:\Python23\Lib\site-packages\_xmlplus\dom\html\HTMLAppletElement.pyc
200 File Copy: C:\Python23\Lib\site-packages\_xmlplus\dom\html\HTMLAnchorElement.pyc
200 File Copy: C:\Python23\Lib\site-packages\_xmlplus\dom\html\GenerateHtml.pyc
200 File Copy: C:\Python23\Lib\site-packages\_xmlplus\dom\ext\reader\__init__.pyc
200 File Copy: C:\Python23\Lib\site-packages\_xmlplus\dom\ext\reader\Sgmlop.pyc
200 File Copy: C:\Python23\Lib\site-packages\_xmlplus\dom\ext\reader\Sax2Lib.pyc
200 File Copy: C:\Python23\Lib\site-packages\_xmlplus\dom\ext\reader\Sax2.pyc
200 File Copy: C:\Python23\Lib\site-packages\_xmlplus\dom\ext\reader\Sax.pyc
200 File Copy: C:\Python23\Lib\site-packages\_xmlplus\dom\ext\reader\PyExpat.pyc
200 File Copy: C:\Python23\Lib\site-packages\_xmlplus\dom\ext\reader\HtmlSax.pyc
200 File Copy: C:\Python23\Lib\site-packages\_xmlplus\dom\ext\reader\HtmlLib.pyc
200 File Copy: C:\Python23\Lib\site-packages\_xmlplus\dom\ext\__init__.pyc
200 File Copy: C:\Python23\Lib\site-packages\_xmlplus\dom\ext\XHtmlPrinter.pyc
200 File Copy: C:\Python23\Lib\site-packages\_xmlplus\dom\ext\XHtml2HtmlPrinter.pyc
200 File Copy: C:\Python23\Lib\site-packages\_xmlplus\dom\ext\Visitor.pyc
200 File Copy: C:\Python23\Lib\site-packages\_xmlplus\dom\ext\Printer.pyc
200 File Copy: C:\Python23\Lib\site-packages\_xmlplus\dom\ext\Dom2Sax.pyc
200 File Copy: C:\Python23\Lib\site-packages\_xmlplus\dom\ext\c14n.pyc
200 File Copy: C:\Python23\Lib\site-packages\_xmlplus\dom\__init__.pyc
200 File Copy: C:\Python23\Lib\site-packages\_xmlplus\dom\xmlbuilder.pyc
200 File Copy: C:\Python23\Lib\site-packages\_xmlplus\dom\TreeWalker.pyc
200 File Copy: C:\Python23\Lib\site-packages\_xmlplus\dom\Text.pyc
200 File Copy: C:\Python23\Lib\site-packages\_xmlplus\dom\Range.pyc
200 File Copy: C:\Python23\Lib\site-packages\_xmlplus\dom\pulldom.pyc
200 File Copy: C:\Python23\Lib\site-packages\_xmlplus\dom\ProcessingInstruction.pyc
200 File Copy: C:\Python23\Lib\site-packages\_xmlplus\dom\Notation.pyc
200 File Copy: C:\Python23\Lib\site-packages\_xmlplus\dom\NodeList.pyc
200 File Copy: C:\Python23\Lib\site-packages\_xmlplus\dom\NodeIterator.pyc
200 File Copy: C:\Python23\Lib\site-packages\_xmlplus\dom\NodeFilter.pyc
200 File Copy: C:\Python23\Lib\site-packages\_xmlplus\dom\NamedNodeMap.pyc
200 File Copy: C:\Python23\Lib\site-packages\_xmlplus\dom\minitraversal.pyc
200 File Copy: C:\Python23\Lib\site-packages\_xmlplus\dom\minidom.pyc
200 File Copy: C:\Python23\Lib\site-packages\_xmlplus\dom\minicompat.pyc
200 File Copy: C:\Python23\Lib\site-packages\_xmlplus\dom\MessageSource.pyc
200 File Copy: C:\Python23\Lib\site-packages\_xmlplus\dom\javadom.pyc
200 File Copy: C:\Python23\Lib\site-packages\_xmlplus\dom\FtNode.pyc
200 File Copy: C:\Python23\Lib\site-packages\_xmlplus\dom\expatbuilder.pyc
200 File Copy: C:\Python23\Lib\site-packages\_xmlplus\dom\Event.pyc
200 File Copy: C:\Python23\Lib\site-packages\_xmlplus\dom\EntityReference.pyc
200 File Copy: C:\Python23\Lib\site-packages\_xmlplus\dom\Entity.pyc
200 File Copy: C:\Python23\Lib\site-packages\_xmlplus\dom\Element.pyc
200 File Copy: C:\Python23\Lib\site-packages\_xmlplus\dom\domreg.pyc
200 File Copy: C:\Python23\Lib\site-packages\_xmlplus\dom\DOMImplementation.pyc
200 File Copy: C:\Python23\Lib\site-packages\_xmlplus\dom\DocumentType.pyc
200 File Copy: C:\Python23\Lib\site-packages\_xmlplus\dom\DocumentFragment.pyc
200 File Copy: C:\Python23\Lib\site-packages\_xmlplus\dom\Document.pyc
200 File Copy: C:\Python23\Lib\site-packages\_xmlplus\dom\Comment.pyc
200 File Copy: C:\Python23\Lib\site-packages\_xmlplus\dom\CharacterData.pyc
200 File Copy: C:\Python23\Lib\site-packages\_xmlplus\dom\CDATASection.pyc
200 File Copy: C:\Python23\Lib\site-packages\_xmlplus\dom\Attr.pyc
200 File Copy: C:\Python23\Lib\site-packages\_xmlplus\__init__.pyc
200 File Copy: C:\Python23\Lib\site-packages\_xmlplus\ns.pyc
200 File Copy: C:\Python23\Lib\site-packages\_xmlplus\FtCore.pyc
200 File Copy: C:\Python23\xmldoc\test\domapi\__init__.pyc
200 File Copy: C:\Python23\xmldoc\test\domapi\XMLLvl2.pyc
200 File Copy: C:\Python23\xmldoc\test\domapi\XMLLvl1.pyc
200 File Copy: C:\Python23\xmldoc\test\domapi\TraversalLvl2.pyc
200 File Copy: C:\Python23\xmldoc\test\domapi\Load3.pyc
200 File Copy: C:\Python23\xmldoc\test\domapi\CoreLvl3.pyc
200 File Copy: C:\Python23\xmldoc\test\domapi\CoreLvl2.pyc
200 File Copy: C:\Python23\xmldoc\test\domapi\CoreLvl1.pyc
200 File Copy: C:\Python23\xmldoc\test\domapi\Base.pyc
200 File Copy: C:\Python23\xmldoc\test\dom\html\util.pyc
200 File Copy: C:\Python23\xmldoc\test\dom\html\test_ul.pyc
200 File Copy: C:\Python23\xmldoc\test\dom\html\test_tr.pyc
200 File Copy: C:\Python23\xmldoc\test\dom\html\test_title.pyc
200 File Copy: C:\Python23\xmldoc\test\dom\html\test_textarea.pyc
200 File Copy: C:\Python23\xmldoc\test\dom\html\test_td.pyc
200 File Copy: C:\Python23\xmldoc\test\dom\html\test_table.pyc
200 File Copy: C:\Python23\xmldoc\test\dom\html\test_style.pyc
200 File Copy: C:\Python23\xmldoc\test\dom\html\test_select.pyc
200 File Copy: C:\Python23\xmldoc\test\dom\html\test_section.pyc
200 File Copy: C:\Python23\xmldoc\test\dom\html\test_script.pyc
200 File Copy: C:\Python23\xmldoc\test\dom\html\test_q.pyc
200 File Copy: C:\Python23\xmldoc\test\dom\html\test_pre.pyc
200 File Copy: C:\Python23\xmldoc\test\dom\html\test_param.pyc
200 File Copy: C:\Python23\xmldoc\test\dom\html\test_p.pyc
200 File Copy: C:\Python23\xmldoc\test\dom\html\test_option.pyc
200 File Copy: C:\Python23\xmldoc\test\dom\html\test_optgroup.pyc
200 File Copy: C:\Python23\xmldoc\test\dom\html\test_ol.pyc
200 File Copy: C:\Python23\xmldoc\test\dom\html\test_object.pyc
200 File Copy: C:\Python23\xmldoc\test\dom\html\test_mod.pyc
200 File Copy: C:\Python23\xmldoc\test\dom\html\test_meta.pyc
200 File Copy: C:\Python23\xmldoc\test\dom\html\test_menu.pyc
200 File Copy: C:\Python23\xmldoc\test\dom\html\test_map.pyc
200 File Copy: C:\Python23\xmldoc\test\dom\html\test_link.pyc
200 File Copy: C:\Python23\xmldoc\test\dom\html\test_li.pyc
200 File Copy: C:\Python23\xmldoc\test\dom\html\test_legend.pyc
200 File Copy: C:\Python23\xmldoc\test\dom\html\test_label.pyc
200 File Copy: C:\Python23\xmldoc\test\dom\html\test_isindex.pyc
200 File Copy: C:\Python23\xmldoc\test\dom\html\test_input.pyc
200 File Copy: C:\Python23\xmldoc\test\dom\html\test_img.pyc
200 File Copy: C:\Python23\xmldoc\test\dom\html\test_iframe.pyc
200 File Copy: C:\Python23\xmldoc\test\dom\html\test_html_dom_implementation.pyc
200 File Copy: C:\Python23\xmldoc\test\dom\html\test_html.pyc
200 File Copy: C:\Python23\xmldoc\test\dom\html\test_hr.pyc
200 File Copy: C:\Python23\xmldoc\test\dom\html\test_head.pyc
200 File Copy: C:\Python23\xmldoc\test\dom\html\test_h.pyc
200 File Copy: C:\Python23\xmldoc\test\dom\html\test_frameset.pyc
200 File Copy: C:\Python23\xmldoc\test\dom\html\test_frame.pyc
200 File Copy: C:\Python23\xmldoc\test\dom\html\test_form.pyc
200 File Copy: C:\Python23\xmldoc\test\dom\html\test_font.pyc
200 File Copy: C:\Python23\xmldoc\test\dom\html\test_fieldset.pyc
200 File Copy: C:\Python23\xmldoc\test\dom\html\test_element.pyc
200 File Copy: C:\Python23\xmldoc\test\dom\html\test_document.pyc
200 File Copy: C:\Python23\xmldoc\test\dom\html\test_dl.pyc
200 File Copy: C:\Python23\xmldoc\test\dom\html\test_div.pyc
200 File Copy: C:\Python23\xmldoc\test\dom\html\test_dir.pyc
200 File Copy: C:\Python23\xmldoc\test\dom\html\test_collection.pyc
200 File Copy: C:\Python23\xmldoc\test\dom\html\test_col.pyc
200 File Copy: C:\Python23\xmldoc\test\dom\html\test_caption.pyc
200 File Copy: C:\Python23\xmldoc\test\dom\html\test_button.pyc
200 File Copy: C:\Python23\xmldoc\test\dom\html\test_br.pyc
200 File Copy: C:\Python23\xmldoc\test\dom\html\test_body.pyc
200 File Copy: C:\Python23\xmldoc\test\dom\html\test_blockquote.pyc
200 File Copy: C:\Python23\xmldoc\test\dom\html\test_basefont.pyc
200 File Copy: C:\Python23\xmldoc\test\dom\html\test_base.pyc
200 File Copy: C:\Python23\xmldoc\test\dom\html\test_area.pyc
200 File Copy: C:\Python23\xmldoc\test\dom\html\test_applet.pyc
200 File Copy: C:\Python23\xmldoc\test\dom\html\test_a.pyc
200 File Copy: C:\Python23\xmldoc\test\dom\html\test.pyc
200 File Copy: C:\Python23\xmldoc\test\dom\ext\test_xhtml_printer.pyc
200 File Copy: C:\Python23\xmldoc\test\dom\ext\test_single_elements.pyc
200 File Copy: C:\Python23\xmldoc\test\dom\ext\test_nss_print.pyc
200 File Copy: C:\Python23\xmldoc\test\dom\ext\test_memory.pyc
200 File Copy: C:\Python23\xmldoc\test\dom\ext\test_html_builder.pyc
200 File Copy: C:\Python23\xmldoc\test\dom\ext\TestSuite.pyc
200 File Copy: C:\Python23\xmldoc\test\dom\borrowed\uo_20010713.pyc
200 File Copy: C:\Python23\xmldoc\test\dom\borrowed\TestSuite.pyc
200 File Copy: C:\Python23\xmldoc\test\dom\borrowed\nc_20000921.pyc
200 File Copy: C:\Python23\xmldoc\test\dom\borrowed\af_20000922.pyc
200 File Copy: C:\Python23\xmldoc\test\dom\borrowed\af_20000919.pyc
200 File Copy: C:\Python23\xmldoc\test\dom\test_treewalker.pyc
200 File Copy: C:\Python23\xmldoc\test\dom\test_text.pyc
200 File Copy: C:\Python23\xmldoc\test\dom\test_struct.pyc
200 File Copy: C:\Python23\xmldoc\test\dom\test_readers.pyc
200 File Copy: C:\Python23\xmldoc\test\dom\test_range.pyc
200 File Copy: C:\Python23\xmldoc\test\dom\test_pythonic.pyc
200 File Copy: C:\Python23\xmldoc\test\dom\test_processinginstruction.pyc
200 File Copy: C:\Python23\xmldoc\test\dom\test_notation.pyc
200 File Copy: C:\Python23\xmldoc\test\dom\test_nodelist.pyc
200 File Copy: C:\Python23\xmldoc\test\dom\test_nodeiterator.pyc
200 File Copy: C:\Python23\xmldoc\test\dom\test_node.pyc
200 File Copy: C:\Python23\xmldoc\test\dom\test_namednodemap.pyc
200 File Copy: C:\Python23\xmldoc\test\dom\test_html.pyc
200 File Copy: C:\Python23\xmldoc\test\dom\test_entityreference.pyc
200 File Copy: C:\Python23\xmldoc\test\dom\test_entity.pyc
200 File Copy: C:\Python23\xmldoc\test\dom\test_element.pyc
200 File Copy: C:\Python23\xmldoc\test\dom\test_domimplementation.pyc
200 File Copy: C:\Python23\xmldoc\test\dom\test_documenttype.pyc
200 File Copy: C:\Python23\xmldoc\test\dom\test_documentfragment.pyc
200 File Copy: C:\Python23\xmldoc\test\dom\test_document.pyc
200 File Copy: C:\Python23\xmldoc\test\dom\test_demo.pyc
200 File Copy: C:\Python23\xmldoc\test\dom\test_comment.pyc
200 File Copy: C:\Python23\xmldoc\test\dom\test_characterdata.pyc
200 File Copy: C:\Python23\xmldoc\test\dom\test_cdatasection.pyc
200 File Copy: C:\Python23\xmldoc\test\dom\test_attr.pyc
200 File Copy: C:\Python23\xmldoc\test\dom\TestSuite.pyc
200 File Copy: C:\Python23\xmldoc\test\dom\test.pyc
200 File Copy: C:\Python23\xmldoc\test\dom\newtest_node.pyc
200 File Copy: C:\Python23\xmldoc\test\unittest.pyc
200 File Copy: C:\Python23\xmldoc\test\test_xmlproc.pyc
200 File Copy: C:\Python23\xmldoc\test\test_xmlbuilder.pyc
200 File Copy: C:\Python23\xmldoc\test\test_utils.pyc
200 File Copy: C:\Python23\xmldoc\test\test_support.pyc
200 File Copy: C:\Python23\xmldoc\test\test_sax_xmlproc.pyc
200 File Copy: C:\Python23\xmldoc\test\test_saxdrivers.pyc
200 File Copy: C:\Python23\xmldoc\test\test_sax2_xmlproc.pyc
200 File Copy: C:\Python23\xmldoc\test\test_sax2.pyc
200 File Copy: C:\Python23\xmldoc\test\test_sax.pyc
200 File Copy: C:\Python23\xmldoc\test\test_pyexpat.pyc
200 File Copy: C:\Python23\xmldoc\test\test_ns.pyc
200 File Copy: C:\Python23\xmldoc\test\test_minidom.pyc
200 File Copy: C:\Python23\xmldoc\test\test_marshal.pyc
200 File Copy: C:\Python23\xmldoc\test\test_javadom.pyc
200 File Copy: C:\Python23\xmldoc\test\test_htmlb.pyc
200 File Copy: C:\Python23\xmldoc\test\test_howto.pyc
200 File Copy: C:\Python23\xmldoc\test\test_filter.pyc
200 File Copy: C:\Python23\xmldoc\test\test_expatreader.pyc
200 File Copy: C:\Python23\xmldoc\test\test_encodings.pyc
200 File Copy: C:\Python23\xmldoc\test\test_domreg.pyc
200 File Copy: C:\Python23\xmldoc\test\test_dom.pyc
200 File Copy: C:\Python23\xmldoc\test\test_c14n.pyc
200 File Copy: C:\Python23\xmldoc\test\testxml.pyc
200 File Copy: C:\Python23\xmldoc\test\regrtest.pyc
200 File Copy: C:\Python23\xmldoc\test\perf_expatbuilder.pyc
200 File Copy: C:\Python23\xmldoc\test\chkdom_minidom.pyc
200 File Copy: C:\Python23\xmldoc\test\chkdom_4dom.pyc
200 File Copy: C:\Python23\xmldoc\demo\xmlproc\xvcmd.pyc
200 File Copy: C:\Python23\xmldoc\demo\xmlproc\xpcmd.pyc
200 File Copy: C:\Python23\xmldoc\demo\xmlproc\xbel2html.pyc
200 File Copy: C:\Python23\xmldoc\demo\xmlproc\wxValidator.pyc
200 File Copy: C:\Python23\xmldoc\demo\xmlproc\outputters.pyc
200 File Copy: C:\Python23\xmldoc\demo\xmlproc\dtddoc.pyc
200 File Copy: C:\Python23\xmldoc\demo\xmlproc\dtdcmd.pyc
200 File Copy: C:\Python23\xmldoc\demo\xmlproc\dtdcheck.pyc
200 File Copy: C:\Python23\xmldoc\demo\xmlproc\dtd2schema.pyc
200 File Copy: C:\Python23\xmldoc\demo\xmlproc\doctree.pyc
200 File Copy: C:\Python23\xmldoc\demo\xbel\xbel_parse.pyc
200 File Copy: C:\Python23\xmldoc\demo\xbel\xbel2html.pyc
200 File Copy: C:\Python23\xmldoc\demo\xbel\ns_parse.pyc
200 File Copy: C:\Python23\xmldoc\demo\xbel\msie_parse.pyc
200 File Copy: C:\Python23\xmldoc\demo\xbel\lynx_parse.pyc
200 File Copy: C:\Python23\xmldoc\demo\xbel\bookmark.pyc
200 File Copy: C:\Python23\xmldoc\demo\xbel\adr_parse.pyc
200 File Copy: C:\Python23\xmldoc\demo\sgmlop\testxml2.pyc
200 File Copy: C:\Python23\xmldoc\demo\sgmlop\testxml1.pyc
200 File Copy: C:\Python23\xmldoc\demo\sgmlop\benchxml.pyc
200 File Copy: C:\Python23\xmldoc\demo\sgmlop\benchsgml.pyc
200 File Copy: C:\Python23\xmldoc\demo\sax\saxtrace.pyc
200 File Copy: C:\Python23\xmldoc\demo\sax\saxtimer.pyc
200 File Copy: C:\Python23\xmldoc\demo\sax\saxstats.pyc
200 File Copy: C:\Python23\xmldoc\demo\sax\saxhack.pyc
200 File Copy: C:\Python23\xmldoc\demo\sax\saxdemo.pyc
200 File Copy: C:\Python23\xmldoc\demo\sax\sax2obj.pyc
200 File Copy: C:\Python23\xmldoc\demo\quotes\qtfmt.pyc
200 File Copy: C:\Python23\xmldoc\demo\genxml\loaddata.pyc
200 File Copy: C:\Python23\xmldoc\demo\dom\__init__.pyc
200 File Copy: C:\Python23\xmldoc\demo\dom\xptr.pyc
200 File Copy: C:\Python23\xmldoc\demo\dom\xpointer_query.pyc
200 File Copy: C:\Python23\xmldoc\demo\dom\xll_replace.pyc
200 File Copy: C:\Python23\xmldoc\demo\dom\visitor1.pyc
200 File Copy: C:\Python23\xmldoc\demo\dom\trace_ns.pyc
200 File Copy: C:\Python23\xmldoc\demo\dom\link_title_invert.pyc
200 File Copy: C:\Python23\xmldoc\demo\dom\iterator1.pyc
200 File Copy: C:\Python23\xmldoc\demo\dom\generate_xml1.pyc
200 File Copy: C:\Python23\xmldoc\demo\dom\generate_html1.pyc
200 File Copy: C:\Python23\xmldoc\demo\dom\dom_from_xml_file.pyc
200 File Copy: C:\Python23\xmldoc\demo\dom\dom_from_html_file.pyc
200 File Copy: C:\Python23\xmldoc\demo\dom\domconv.pyc
200 File Copy: C:\Python23\xmldoc\demo\dom\building.pyc
200 File Copy: C:\Python23\xmldoc\demo\dom\benchmark.pyc
200 File Copy: C:\Python23\xmldoc\demo\dom\4tidy.pyc
200 File Copy: C:\Python23\Lib\site-packages\_xmlplus\xpath\__init__.pyo
200 File Copy: C:\Python23\Lib\site-packages\_xmlplus\xpath\yappsrt.pyo
200 File Copy: C:\Python23\Lib\site-packages\_xmlplus\xpath\XPathParserBase.pyo
200 File Copy: C:\Python23\Lib\site-packages\_xmlplus\xpath\XPathParser.pyo
200 File Copy: C:\Python23\Lib\site-packages\_xmlplus\xpath\XPathGrammar.pyo
200 File Copy: C:\Python23\Lib\site-packages\_xmlplus\xpath\Util.pyo
200 File Copy: C:\Python23\Lib\site-packages\_xmlplus\xpath\Set.pyo
200 File Copy: C:\Python23\Lib\site-packages\_xmlplus\xpath\pyxpath.pyo
200 File Copy: C:\Python23\Lib\site-packages\_xmlplus\xpath\ParsedStep.pyo
200 File Copy: C:\Python23\Lib\site-packages\_xmlplus\xpath\ParsedRelativeLocationPath.pyo
200 File Copy: C:\Python23\Lib\site-packages\_xmlplus\xpath\ParsedPredicateList.pyo
200 File Copy: C:\Python23\Lib\site-packages\_xmlplus\xpath\ParsedNodeTest.pyo
200 File Copy: C:\Python23\Lib\site-packages\_xmlplus\xpath\ParsedExpr.pyo
200 File Copy: C:\Python23\Lib\site-packages\_xmlplus\xpath\ParsedAxisSpecifier.pyo
200 File Copy: C:\Python23\Lib\site-packages\_xmlplus\xpath\ParsedAbsoluteLocationPath.pyo
200 File Copy: C:\Python23\Lib\site-packages\_xmlplus\xpath\ParsedAbbreviatedRelativeLocationPath.pyo
200 File Copy: C:\Python23\Lib\site-packages\_xmlplus\xpath\ParsedAbbreviatedAbsoluteLocationPath.pyo
200 File Copy: C:\Python23\Lib\site-packages\_xmlplus\xpath\NamespaceNode.pyo
200 File Copy: C:\Python23\Lib\site-packages\_xmlplus\xpath\MessageSource.pyo
200 File Copy: C:\Python23\Lib\site-packages\_xmlplus\xpath\ExpandedNameWrapper.pyo
200 File Copy: C:\Python23\Lib\site-packages\_xmlplus\xpath\CoreFunctions.pyo
200 File Copy: C:\Python23\Lib\site-packages\_xmlplus\xpath\Conversions.pyo
200 File Copy: C:\Python23\Lib\site-packages\_xmlplus\xpath\Context.pyo
200 File Copy: C:\Python23\Lib\site-packages\_xmlplus\xpath\BuiltInExtFunctions.pyo
200 File Copy: C:\Python23\Lib\site-packages\_xmlplus\utils\__init__.pyo
200 File Copy: C:\Python23\Lib\site-packages\_xmlplus\utils\qp_xml.pyo
200 File Copy: C:\Python23\Lib\site-packages\_xmlplus\utils\iso8601.pyo
200 File Copy: C:\Python23\Lib\site-packages\_xmlplus\utils\characters.pyo
200 File Copy: C:\Python23\Lib\site-packages\_xmlplus\unicode\__init__.pyo
200 File Copy: C:\Python23\Lib\site-packages\_xmlplus\unicode\utf8_iso.pyo
200 File Copy: C:\Python23\Lib\site-packages\_xmlplus\unicode\iso8859.pyo
200 File Copy: C:\Python23\Lib\site-packages\_xmlplus\schema\__init__.pyo
200 File Copy: C:\Python23\Lib\site-packages\_xmlplus\schema\trex.pyo
200 File Copy: C:\Python23\Lib\site-packages\_xmlplus\sax\drivers2\__init__.pyo
200 File Copy: C:\Python23\Lib\site-packages\_xmlplus\sax\drivers2\drv_xmlproc.pyo
200 File Copy: C:\Python23\Lib\site-packages\_xmlplus\sax\drivers2\drv_sgmlop_html.pyo
200 File Copy: C:\Python23\Lib\site-packages\_xmlplus\sax\drivers2\drv_sgmlop.pyo
200 File Copy: C:\Python23\Lib\site-packages\_xmlplus\sax\drivers2\drv_sgmllib.pyo
200 File Copy: C:\Python23\Lib\site-packages\_xmlplus\sax\drivers2\drv_pyexpat.pyo
200 File Copy: C:\Python23\Lib\site-packages\_xmlplus\sax\drivers2\drv_javasax.pyo
200 File Copy: C:\Python23\Lib\site-packages\_xmlplus\sax\drivers2\drv_htmllib.pyo
200 File Copy: C:\Python23\Lib\site-packages\_xmlplus\sax\drivers\__init__.pyo
200 File Copy: C:\Python23\Lib\site-packages\_xmlplus\sax\drivers\pylibs.pyo
200 File Copy: C:\Python23\Lib\site-packages\_xmlplus\sax\drivers\drv_xmltoolkit.pyo
200 File Copy: C:\Python23\Lib\site-packages\_xmlplus\sax\drivers\drv_xmlproc_val.pyo
200 File Copy: C:\Python23\Lib\site-packages\_xmlplus\sax\drivers\drv_xmlproc.pyo
200 File Copy: C:\Python23\Lib\site-packages\_xmlplus\sax\drivers\drv_xmllib.pyo
200 File Copy: C:\Python23\Lib\site-packages\_xmlplus\sax\drivers\drv_xmldc.pyo
200 File Copy: C:\Python23\Lib\site-packages\_xmlplus\sax\drivers\drv_sgmlop.pyo
200 File Copy: C:\Python23\Lib\site-packages\_xmlplus\sax\drivers\drv_sgmllib.pyo
200 File Copy: C:\Python23\Lib\site-packages\_xmlplus\sax\drivers\drv_pyexpat.pyo
200 File Copy: C:\Python23\Lib\site-packages\_xmlplus\sax\drivers\drv_ltdriver_val.pyo
200 File Copy: C:\Python23\Lib\site-packages\_xmlplus\sax\drivers\drv_ltdriver.pyo
200 File Copy: C:\Python23\Lib\site-packages\_xmlplus\sax\drivers\drv_htmllib.pyo
200 File Copy: C:\Python23\Lib\site-packages\_xmlplus\sax\__init__.pyo
200 File Copy: C:\Python23\Lib\site-packages\_xmlplus\sax\_exceptions.pyo
200 File Copy: C:\Python23\Lib\site-packages\_xmlplus\sax\xmlreader.pyo
200 File Copy: C:\Python23\Lib\site-packages\_xmlplus\sax\writer.pyo
200 File Copy: C:\Python23\Lib\site-packages\_xmlplus\sax\saxutils.pyo
200 File Copy: C:\Python23\Lib\site-packages\_xmlplus\sax\saxlib.pyo
200 File Copy: C:\Python23\Lib\site-packages\_xmlplus\sax\saxexts.pyo
200 File Copy: C:\Python23\Lib\site-packages\_xmlplus\sax\sax2exts.pyo
200 File Copy: C:\Python23\Lib\site-packages\_xmlplus\sax\handler.pyo
200 File Copy: C:\Python23\Lib\site-packages\_xmlplus\sax\expatreader.pyo
200 File Copy: C:\Python23\Lib\site-packages\_xmlplus\parsers\xmlproc\__init__.pyo
200 File Copy: C:\Python23\Lib\site-packages\_xmlplus\parsers\xmlproc\_outputters.pyo
200 File Copy: C:\Python23\Lib\site-packages\_xmlplus\parsers\xmlproc\xmlval.pyo
200 File Copy: C:\Python23\Lib\site-packages\_xmlplus\parsers\xmlproc\xmlutils.pyo
200 File Copy: C:\Python23\Lib\site-packages\_xmlplus\parsers\xmlproc\xmlproc.pyo
200 File Copy: C:\Python23\Lib\site-packages\_xmlplus\parsers\xmlproc\xmldtd.pyo
200 File Copy: C:\Python23\Lib\site-packages\_xmlplus\parsers\xmlproc\xmlapp.pyo
200 File Copy: C:\Python23\Lib\site-packages\_xmlplus\parsers\xmlproc\xcatalog.pyo
200 File Copy: C:\Python23\Lib\site-packages\_xmlplus\parsers\xmlproc\utils.pyo
200 File Copy: C:\Python23\Lib\site-packages\_xmlplus\parsers\xmlproc\namespace.pyo
200 File Copy: C:\Python23\Lib\site-packages\_xmlplus\parsers\xmlproc\errors.pyo
200 File Copy: C:\Python23\Lib\site-packages\_xmlplus\parsers\xmlproc\dtdparser.pyo
200 File Copy: C:\Python23\Lib\site-packages\_xmlplus\parsers\xmlproc\charconv.pyo
200 File Copy: C:\Python23\Lib\site-packages\_xmlplus\parsers\xmlproc\catalog.pyo
200 File Copy: C:\Python23\Lib\site-packages\_xmlplus\parsers\__init__.pyo
200 File Copy: C:\Python23\Lib\site-packages\_xmlplus\parsers\sgmllib.pyo
200 File Copy: C:\Python23\Lib\site-packages\_xmlplus\parsers\expat.pyo
200 File Copy: C:\Python23\Lib\site-packages\_xmlplus\marshal\__init__.pyo
200 File Copy: C:\Python23\Lib\site-packages\_xmlplus\marshal\wddx.pyo
200 File Copy: C:\Python23\Lib\site-packages\_xmlplus\marshal\generic.pyo
200 File Copy: C:\Python23\Lib\site-packages\_xmlplus\dom\html\__init__.pyo
200 File Copy: C:\Python23\Lib\site-packages\_xmlplus\dom\html\HTMLUListElement.pyo
200 File Copy: C:\Python23\Lib\site-packages\_xmlplus\dom\html\HTMLTitleElement.pyo
200 File Copy: C:\Python23\Lib\site-packages\_xmlplus\dom\html\HTMLTextAreaElement.pyo
200 File Copy: C:\Python23\Lib\site-packages\_xmlplus\dom\html\HTMLTableSectionElement.pyo
200 File Copy: C:\Python23\Lib\site-packages\_xmlplus\dom\html\HTMLTableRowElement.pyo
200 File Copy: C:\Python23\Lib\site-packages\_xmlplus\dom\html\HTMLTableElement.pyo
200 File Copy: C:\Python23\Lib\site-packages\_xmlplus\dom\html\HTMLTableColElement.pyo
200 File Copy: C:\Python23\Lib\site-packages\_xmlplus\dom\html\HTMLTableCellElement.pyo
200 File Copy: C:\Python23\Lib\site-packages\_xmlplus\dom\html\HTMLTableCaptionElement.pyo
200 File Copy: C:\Python23\Lib\site-packages\_xmlplus\dom\html\HTMLStyleElement.pyo
200 File Copy: C:\Python23\Lib\site-packages\_xmlplus\dom\html\HTMLSelectElement.pyo
200 File Copy: C:\Python23\Lib\site-packages\_xmlplus\dom\html\HTMLScriptElement.pyo
200 File Copy: C:\Python23\Lib\site-packages\_xmlplus\dom\html\HTMLQuoteElement.pyo
200 File Copy: C:\Python23\Lib\site-packages\_xmlplus\dom\html\HTMLPreElement.pyo
200 File Copy: C:\Python23\Lib\site-packages\_xmlplus\dom\html\HTMLParamElement.pyo
200 File Copy: C:\Python23\Lib\site-packages\_xmlplus\dom\html\HTMLParagraphElement.pyo
200 File Copy: C:\Python23\Lib\site-packages\_xmlplus\dom\html\HTMLOptionElement.pyo
200 File Copy: C:\Python23\Lib\site-packages\_xmlplus\dom\html\HTMLOptGroupElement.pyo
200 File Copy: C:\Python23\Lib\site-packages\_xmlplus\dom\html\HTMLOListElement.pyo
200 File Copy: C:\Python23\Lib\site-packages\_xmlplus\dom\html\HTMLObjectElement.pyo
200 File Copy: C:\Python23\Lib\site-packages\_xmlplus\dom\html\HTMLModElement.pyo
200 File Copy: C:\Python23\Lib\site-packages\_xmlplus\dom\html\HTMLMetaElement.pyo
200 File Copy: C:\Python23\Lib\site-packages\_xmlplus\dom\html\HTMLMenuElement.pyo
200 File Copy: C:\Python23\Lib\site-packages\_xmlplus\dom\html\HTMLMapElement.pyo
200 File Copy: C:\Python23\Lib\site-packages\_xmlplus\dom\html\HTMLLinkElement.pyo
200 File Copy: C:\Python23\Lib\site-packages\_xmlplus\dom\html\HTMLLIElement.pyo
200 File Copy: C:\Python23\Lib\site-packages\_xmlplus\dom\html\HTMLLegendElement.pyo
200 File Copy: C:\Python23\Lib\site-packages\_xmlplus\dom\html\HTMLLabelElement.pyo
200 File Copy: C:\Python23\Lib\site-packages\_xmlplus\dom\html\HTMLIsIndexElement.pyo
200 File Copy: C:\Python23\Lib\site-packages\_xmlplus\dom\html\HTMLInputElement.pyo
200 File Copy: C:\Python23\Lib\site-packages\_xmlplus\dom\html\HTMLImageElement.pyo
200 File Copy: C:\Python23\Lib\site-packages\_xmlplus\dom\html\HTMLIFrameElement.pyo
200 File Copy: C:\Python23\Lib\site-packages\_xmlplus\dom\html\HTMLHtmlElement.pyo
200 File Copy: C:\Python23\Lib\site-packages\_xmlplus\dom\html\HTMLHRElement.pyo
200 File Copy: C:\Python23\Lib\site-packages\_xmlplus\dom\html\HTMLHeadingElement.pyo
200 File Copy: C:\Python23\Lib\site-packages\_xmlplus\dom\html\HTMLHeadElement.pyo
200 File Copy: C:\Python23\Lib\site-packages\_xmlplus\dom\html\HTMLFrameSetElement.pyo
200 File Copy: C:\Python23\Lib\site-packages\_xmlplus\dom\html\HTMLFrameElement.pyo
200 File Copy: C:\Python23\Lib\site-packages\_xmlplus\dom\html\HTMLFormElement.pyo
200 File Copy: C:\Python23\Lib\site-packages\_xmlplus\dom\html\HTMLFontElement.pyo
200 File Copy: C:\Python23\Lib\site-packages\_xmlplus\dom\html\HTMLFieldSetElement.pyo
200 File Copy: C:\Python23\Lib\site-packages\_xmlplus\dom\html\HTMLElement.pyo
200 File Copy: C:\Python23\Lib\site-packages\_xmlplus\dom\html\HTMLDOMImplementation.pyo
200 File Copy: C:\Python23\Lib\site-packages\_xmlplus\dom\html\HTMLDocument.pyo
200 File Copy: C:\Python23\Lib\site-packages\_xmlplus\dom\html\HTMLDListElement.pyo
200 File Copy: C:\Python23\Lib\site-packages\_xmlplus\dom\html\HTMLDivElement.pyo
200 File Copy: C:\Python23\Lib\site-packages\_xmlplus\dom\html\HTMLDirectoryElement.pyo
200 File Copy: C:\Python23\Lib\site-packages\_xmlplus\dom\html\HTMLCollection.pyo
200 File Copy: C:\Python23\Lib\site-packages\_xmlplus\dom\html\HTMLButtonElement.pyo
200 File Copy: C:\Python23\Lib\site-packages\_xmlplus\dom\html\HTMLBRElement.pyo
200 File Copy: C:\Python23\Lib\site-packages\_xmlplus\dom\html\HTMLBodyElement.pyo
200 File Copy: C:\Python23\Lib\site-packages\_xmlplus\dom\html\HTMLBaseFontElement.pyo
200 File Copy: C:\Python23\Lib\site-packages\_xmlplus\dom\html\HTMLBaseElement.pyo
200 File Copy: C:\Python23\Lib\site-packages\_xmlplus\dom\html\HTMLAreaElement.pyo
200 File Copy: C:\Python23\Lib\site-packages\_xmlplus\dom\html\HTMLAppletElement.pyo
200 File Copy: C:\Python23\Lib\site-packages\_xmlplus\dom\html\HTMLAnchorElement.pyo
200 File Copy: C:\Python23\Lib\site-packages\_xmlplus\dom\html\GenerateHtml.pyo
200 File Copy: C:\Python23\Lib\site-packages\_xmlplus\dom\ext\reader\__init__.pyo
200 File Copy: C:\Python23\Lib\site-packages\_xmlplus\dom\ext\reader\Sgmlop.pyo
200 File Copy: C:\Python23\Lib\site-packages\_xmlplus\dom\ext\reader\Sax2Lib.pyo
200 File Copy: C:\Python23\Lib\site-packages\_xmlplus\dom\ext\reader\Sax2.pyo
200 File Copy: C:\Python23\Lib\site-packages\_xmlplus\dom\ext\reader\Sax.pyo
200 File Copy: C:\Python23\Lib\site-packages\_xmlplus\dom\ext\reader\PyExpat.pyo
200 File Copy: C:\Python23\Lib\site-packages\_xmlplus\dom\ext\reader\HtmlSax.pyo
200 File Copy: C:\Python23\Lib\site-packages\_xmlplus\dom\ext\reader\HtmlLib.pyo
200 File Copy: C:\Python23\Lib\site-packages\_xmlplus\dom\ext\__init__.pyo
200 File Copy: C:\Python23\Lib\site-packages\_xmlplus\dom\ext\XHtmlPrinter.pyo
200 File Copy: C:\Python23\Lib\site-packages\_xmlplus\dom\ext\XHtml2HtmlPrinter.pyo
200 File Copy: C:\Python23\Lib\site-packages\_xmlplus\dom\ext\Visitor.pyo
200 File Copy: C:\Python23\Lib\site-packages\_xmlplus\dom\ext\Printer.pyo
200 File Copy: C:\Python23\Lib\site-packages\_xmlplus\dom\ext\Dom2Sax.pyo
200 File Copy: C:\Python23\Lib\site-packages\_xmlplus\dom\ext\c14n.pyo
200 File Copy: C:\Python23\Lib\site-packages\_xmlplus\dom\__init__.pyo
200 File Copy: C:\Python23\Lib\site-packages\_xmlplus\dom\xmlbuilder.pyo
200 File Copy: C:\Python23\Lib\site-packages\_xmlplus\dom\TreeWalker.pyo
200 File Copy: C:\Python23\Lib\site-packages\_xmlplus\dom\Text.pyo
200 File Copy: C:\Python23\Lib\site-packages\_xmlplus\dom\Range.pyo
200 File Copy: C:\Python23\Lib\site-packages\_xmlplus\dom\pulldom.pyo
200 File Copy: C:\Python23\Lib\site-packages\_xmlplus\dom\ProcessingInstruction.pyo
200 File Copy: C:\Python23\Lib\site-packages\_xmlplus\dom\Notation.pyo
200 File Copy: C:\Python23\Lib\site-packages\_xmlplus\dom\NodeList.pyo
200 File Copy: C:\Python23\Lib\site-packages\_xmlplus\dom\NodeIterator.pyo
200 File Copy: C:\Python23\Lib\site-packages\_xmlplus\dom\NodeFilter.pyo
200 File Copy: C:\Python23\Lib\site-packages\_xmlplus\dom\NamedNodeMap.pyo
200 File Copy: C:\Python23\Lib\site-packages\_xmlplus\dom\minitraversal.pyo
200 File Copy: C:\Python23\Lib\site-packages\_xmlplus\dom\minidom.pyo
200 File Copy: C:\Python23\Lib\site-packages\_xmlplus\dom\minicompat.pyo
200 File Copy: C:\Python23\Lib\site-packages\_xmlplus\dom\MessageSource.pyo
200 File Copy: C:\Python23\Lib\site-packages\_xmlplus\dom\javadom.pyo
200 File Copy: C:\Python23\Lib\site-packages\_xmlplus\dom\FtNode.pyo
200 File Copy: C:\Python23\Lib\site-packages\_xmlplus\dom\expatbuilder.pyo
200 File Copy: C:\Python23\Lib\site-packages\_xmlplus\dom\Event.pyo
200 File Copy: C:\Python23\Lib\site-packages\_xmlplus\dom\EntityReference.pyo
200 File Copy: C:\Python23\Lib\site-packages\_xmlplus\dom\Entity.pyo
200 File Copy: C:\Python23\Lib\site-packages\_xmlplus\dom\Element.pyo
200 File Copy: C:\Python23\Lib\site-packages\_xmlplus\dom\domreg.pyo
200 File Copy: C:\Python23\Lib\site-packages\_xmlplus\dom\DOMImplementation.pyo
200 File Copy: C:\Python23\Lib\site-packages\_xmlplus\dom\DocumentType.pyo
200 File Copy: C:\Python23\Lib\site-packages\_xmlplus\dom\DocumentFragment.pyo
200 File Copy: C:\Python23\Lib\site-packages\_xmlplus\dom\Document.pyo
200 File Copy: C:\Python23\Lib\site-packages\_xmlplus\dom\Comment.pyo
200 File Copy: C:\Python23\Lib\site-packages\_xmlplus\dom\CharacterData.pyo
200 File Copy: C:\Python23\Lib\site-packages\_xmlplus\dom\CDATASection.pyo
200 File Copy: C:\Python23\Lib\site-packages\_xmlplus\dom\Attr.pyo
200 File Copy: C:\Python23\Lib\site-packages\_xmlplus\__init__.pyo
200 File Copy: C:\Python23\Lib\site-packages\_xmlplus\ns.pyo
200 File Copy: C:\Python23\Lib\site-packages\_xmlplus\FtCore.pyo
200 File Copy: C:\Python23\xmldoc\test\domapi\__init__.pyo
200 File Copy: C:\Python23\xmldoc\test\domapi\XMLLvl2.pyo
200 File Copy: C:\Python23\xmldoc\test\domapi\XMLLvl1.pyo
200 File Copy: C:\Python23\xmldoc\test\domapi\TraversalLvl2.pyo
200 File Copy: C:\Python23\xmldoc\test\domapi\Load3.pyo
200 File Copy: C:\Python23\xmldoc\test\domapi\CoreLvl3.pyo
200 File Copy: C:\Python23\xmldoc\test\domapi\CoreLvl2.pyo
200 File Copy: C:\Python23\xmldoc\test\domapi\CoreLvl1.pyo
200 File Copy: C:\Python23\xmldoc\test\domapi\Base.pyo
200 File Copy: C:\Python23\xmldoc\test\dom\html\util.pyo
200 File Copy: C:\Python23\xmldoc\test\dom\html\test_ul.pyo
200 File Copy: C:\Python23\xmldoc\test\dom\html\test_tr.pyo
200 File Copy: C:\Python23\xmldoc\test\dom\html\test_title.pyo
200 File Copy: C:\Python23\xmldoc\test\dom\html\test_textarea.pyo
200 File Copy: C:\Python23\xmldoc\test\dom\html\test_td.pyo
200 File Copy: C:\Python23\xmldoc\test\dom\html\test_table.pyo
200 File Copy: C:\Python23\xmldoc\test\dom\html\test_style.pyo
200 File Copy: C:\Python23\xmldoc\test\dom\html\test_select.pyo
200 File Copy: C:\Python23\xmldoc\test\dom\html\test_section.pyo
200 File Copy: C:\Python23\xmldoc\test\dom\html\test_script.pyo
200 File Copy: C:\Python23\xmldoc\test\dom\html\test_q.pyo
200 File Copy: C:\Python23\xmldoc\test\dom\html\test_pre.pyo
200 File Copy: C:\Python23\xmldoc\test\dom\html\test_param.pyo
200 File Copy: C:\Python23\xmldoc\test\dom\html\test_p.pyo
200 File Copy: C:\Python23\xmldoc\test\dom\html\test_option.pyo
200 File Copy: C:\Python23\xmldoc\test\dom\html\test_optgroup.pyo
200 File Copy: C:\Python23\xmldoc\test\dom\html\test_ol.pyo
200 File Copy: C:\Python23\xmldoc\test\dom\html\test_object.pyo
200 File Copy: C:\Python23\xmldoc\test\dom\html\test_mod.pyo
200 File Copy: C:\Python23\xmldoc\test\dom\html\test_meta.pyo
200 File Copy: C:\Python23\xmldoc\test\dom\html\test_menu.pyo
200 File Copy: C:\Python23\xmldoc\test\dom\html\test_map.pyo
200 File Copy: C:\Python23\xmldoc\test\dom\html\test_link.pyo
200 File Copy: C:\Python23\xmldoc\test\dom\html\test_li.pyo
200 File Copy: C:\Python23\xmldoc\test\dom\html\test_legend.pyo
200 File Copy: C:\Python23\xmldoc\test\dom\html\test_label.pyo
200 File Copy: C:\Python23\xmldoc\test\dom\html\test_isindex.pyo
200 File Copy: C:\Python23\xmldoc\test\dom\html\test_input.pyo
200 File Copy: C:\Python23\xmldoc\test\dom\html\test_img.pyo
200 File Copy: C:\Python23\xmldoc\test\dom\html\test_iframe.pyo
200 File Copy: C:\Python23\xmldoc\test\dom\html\test_html_dom_implementation.pyo
200 File Copy: C:\Python23\xmldoc\test\dom\html\test_html.pyo
200 File Copy: C:\Python23\xmldoc\test\dom\html\test_hr.pyo
200 File Copy: C:\Python23\xmldoc\test\dom\html\test_head.pyo
200 File Copy: C:\Python23\xmldoc\test\dom\html\test_h.pyo
200 File Copy: C:\Python23\xmldoc\test\dom\html\test_frameset.pyo
200 File Copy: C:\Python23\xmldoc\test\dom\html\test_frame.pyo
200 File Copy: C:\Python23\xmldoc\test\dom\html\test_form.pyo
200 File Copy: C:\Python23\xmldoc\test\dom\html\test_font.pyo
200 File Copy: C:\Python23\xmldoc\test\dom\html\test_fieldset.pyo
200 File Copy: C:\Python23\xmldoc\test\dom\html\test_element.pyo
200 File Copy: C:\Python23\xmldoc\test\dom\html\test_document.pyo
200 File Copy: C:\Python23\xmldoc\test\dom\html\test_dl.pyo
200 File Copy: C:\Python23\xmldoc\test\dom\html\test_div.pyo
200 File Copy: C:\Python23\xmldoc\test\dom\html\test_dir.pyo
200 File Copy: C:\Python23\xmldoc\test\dom\html\test_collection.pyo
200 File Copy: C:\Python23\xmldoc\test\dom\html\test_col.pyo
200 File Copy: C:\Python23\xmldoc\test\dom\html\test_caption.pyo
200 File Copy: C:\Python23\xmldoc\test\dom\html\test_button.pyo
200 File Copy: C:\Python23\xmldoc\test\dom\html\test_br.pyo
200 File Copy: C:\Python23\xmldoc\test\dom\html\test_body.pyo
200 File Copy: C:\Python23\xmldoc\test\dom\html\test_blockquote.pyo
200 File Copy: C:\Python23\xmldoc\test\dom\html\test_basefont.pyo
200 File Copy: C:\Python23\xmldoc\test\dom\html\test_base.pyo
200 File Copy: C:\Python23\xmldoc\test\dom\html\test_area.pyo
200 File Copy: C:\Python23\xmldoc\test\dom\html\test_applet.pyo
200 File Copy: C:\Python23\xmldoc\test\dom\html\test_a.pyo
200 File Copy: C:\Python23\xmldoc\test\dom\html\test.pyo
200 File Copy: C:\Python23\xmldoc\test\dom\ext\test_xhtml_printer.pyo
200 File Copy: C:\Python23\xmldoc\test\dom\ext\test_single_elements.pyo
200 File Copy: C:\Python23\xmldoc\test\dom\ext\test_nss_print.pyo
200 File Copy: C:\Python23\xmldoc\test\dom\ext\test_memory.pyo
200 File Copy: C:\Python23\xmldoc\test\dom\ext\test_html_builder.pyo
200 File Copy: C:\Python23\xmldoc\test\dom\ext\TestSuite.pyo
200 File Copy: C:\Python23\xmldoc\test\dom\borrowed\uo_20010713.pyo
200 File Copy: C:\Python23\xmldoc\test\dom\borrowed\TestSuite.pyo
200 File Copy: C:\Python23\xmldoc\test\dom\borrowed\nc_20000921.pyo
200 File Copy: C:\Python23\xmldoc\test\dom\borrowed\af_20000922.pyo
200 File Copy: C:\Python23\xmldoc\test\dom\borrowed\af_20000919.pyo
200 File Copy: C:\Python23\xmldoc\test\dom\test_treewalker.pyo
200 File Copy: C:\Python23\xmldoc\test\dom\test_text.pyo
200 File Copy: C:\Python23\xmldoc\test\dom\test_struct.pyo
200 File Copy: C:\Python23\xmldoc\test\dom\test_readers.pyo
200 File Copy: C:\Python23\xmldoc\test\dom\test_range.pyo
200 File Copy: C:\Python23\xmldoc\test\dom\test_pythonic.pyo
200 File Copy: C:\Python23\xmldoc\test\dom\test_processinginstruction.pyo
200 File Copy: C:\Python23\xmldoc\test\dom\test_notation.pyo
200 File Copy: C:\Python23\xmldoc\test\dom\test_nodelist.pyo
200 File Copy: C:\Python23\xmldoc\test\dom\test_nodeiterator.pyo
200 File Copy: C:\Python23\xmldoc\test\dom\test_node.pyo
200 File Copy: C:\Python23\xmldoc\test\dom\test_namednodemap.pyo
200 File Copy: C:\Python23\xmldoc\test\dom\test_html.pyo
200 File Copy: C:\Python23\xmldoc\test\dom\test_entityreference.pyo
200 File Copy: C:\Python23\xmldoc\test\dom\test_entity.pyo
200 File Copy: C:\Python23\xmldoc\test\dom\test_element.pyo
200 File Copy: C:\Python23\xmldoc\test\dom\test_domimplementation.pyo
200 File Copy: C:\Python23\xmldoc\test\dom\test_documenttype.pyo
200 File Copy: C:\Python23\xmldoc\test\dom\test_documentfragment.pyo
200 File Copy: C:\Python23\xmldoc\test\dom\test_document.pyo
200 File Copy: C:\Python23\xmldoc\test\dom\test_demo.pyo
200 File Copy: C:\Python23\xmldoc\test\dom\test_comment.pyo
200 File Copy: C:\Python23\xmldoc\test\dom\test_characterdata.pyo
200 File Copy: C:\Python23\xmldoc\test\dom\test_cdatasection.pyo
200 File Copy: C:\Python23\xmldoc\test\dom\test_attr.pyo
200 File Copy: C:\Python23\xmldoc\test\dom\TestSuite.pyo
200 File Copy: C:\Python23\xmldoc\test\dom\test.pyo
200 File Copy: C:\Python23\xmldoc\test\dom\newtest_node.pyo
200 File Copy: C:\Python23\xmldoc\test\unittest.pyo
200 File Copy: C:\Python23\xmldoc\test\test_xmlproc.pyo
200 File Copy: C:\Python23\xmldoc\test\test_xmlbuilder.pyo
200 File Copy: C:\Python23\xmldoc\test\test_utils.pyo
200 File Copy: C:\Python23\xmldoc\test\test_support.pyo
200 File Copy: C:\Python23\xmldoc\test\test_sax_xmlproc.pyo
200 File Copy: C:\Python23\xmldoc\test\test_saxdrivers.pyo
200 File Copy: C:\Python23\xmldoc\test\test_sax2_xmlproc.pyo
200 File Copy: C:\Python23\xmldoc\test\test_sax2.pyo
200 File Copy: C:\Python23\xmldoc\test\test_sax.pyo
200 File Copy: C:\Python23\xmldoc\test\test_pyexpat.pyo
200 File Copy: C:\Python23\xmldoc\test\test_ns.pyo
200 File Copy: C:\Python23\xmldoc\test\test_minidom.pyo
200 File Copy: C:\Python23\xmldoc\test\test_marshal.pyo
200 File Copy: C:\Python23\xmldoc\test\test_javadom.pyo
200 File Copy: C:\Python23\xmldoc\test\test_htmlb.pyo
200 File Copy: C:\Python23\xmldoc\test\test_howto.pyo
200 File Copy: C:\Python23\xmldoc\test\test_filter.pyo
200 File Copy: C:\Python23\xmldoc\test\test_expatreader.pyo
200 File Copy: C:\Python23\xmldoc\test\test_encodings.pyo
200 File Copy: C:\Python23\xmldoc\test\test_domreg.pyo
200 File Copy: C:\Python23\xmldoc\test\test_dom.pyo
200 File Copy: C:\Python23\xmldoc\test\test_c14n.pyo
200 File Copy: C:\Python23\xmldoc\test\testxml.pyo
200 File Copy: C:\Python23\xmldoc\test\regrtest.pyo
200 File Copy: C:\Python23\xmldoc\test\perf_expatbuilder.pyo
200 File Copy: C:\Python23\xmldoc\test\chkdom_minidom.pyo
200 File Copy: C:\Python23\xmldoc\test\chkdom_4dom.pyo
200 File Copy: C:\Python23\xmldoc\demo\xmlproc\xvcmd.pyo
200 File Copy: C:\Python23\xmldoc\demo\xmlproc\xpcmd.pyo
200 File Copy: C:\Python23\xmldoc\demo\xmlproc\xbel2html.pyo
200 File Copy: C:\Python23\xmldoc\demo\xmlproc\wxValidator.pyo
200 File Copy: C:\Python23\xmldoc\demo\xmlproc\outputters.pyo
200 File Copy: C:\Python23\xmldoc\demo\xmlproc\dtddoc.pyo
200 File Copy: C:\Python23\xmldoc\demo\xmlproc\dtdcmd.pyo
200 File Copy: C:\Python23\xmldoc\demo\xmlproc\dtdcheck.pyo
200 File Copy: C:\Python23\xmldoc\demo\xmlproc\dtd2schema.pyo
200 File Copy: C:\Python23\xmldoc\demo\xmlproc\doctree.pyo
200 File Copy: C:\Python23\xmldoc\demo\xbel\xbel_parse.pyo
200 File Copy: C:\Python23\xmldoc\demo\xbel\xbel2html.pyo
200 File Copy: C:\Python23\xmldoc\demo\xbel\ns_parse.pyo
200 File Copy: C:\Python23\xmldoc\demo\xbel\msie_parse.pyo
200 File Copy: C:\Python23\xmldoc\demo\xbel\lynx_parse.pyo
200 File Copy: C:\Python23\xmldoc\demo\xbel\bookmark.pyo
200 File Copy: C:\Python23\xmldoc\demo\xbel\adr_parse.pyo
200 File Copy: C:\Python23\xmldoc\demo\sgmlop\testxml2.pyo
200 File Copy: C:\Python23\xmldoc\demo\sgmlop\testxml1.pyo
200 File Copy: C:\Python23\xmldoc\demo\sgmlop\benchxml.pyo
200 File Copy: C:\Python23\xmldoc\demo\sgmlop\benchsgml.pyo
200 File Copy: C:\Python23\xmldoc\demo\sax\saxtrace.pyo
200 File Copy: C:\Python23\xmldoc\demo\sax\saxtimer.pyo
200 File Copy: C:\Python23\xmldoc\demo\sax\saxstats.pyo
200 File Copy: C:\Python23\xmldoc\demo\sax\saxhack.pyo
200 File Copy: C:\Python23\xmldoc\demo\sax\saxdemo.pyo
200 File Copy: C:\Python23\xmldoc\demo\sax\sax2obj.pyo
200 File Copy: C:\Python23\xmldoc\demo\quotes\qtfmt.pyo
200 File Copy: C:\Python23\xmldoc\demo\genxml\loaddata.pyo
200 File Copy: C:\Python23\xmldoc\demo\dom\__init__.pyo
200 File Copy: C:\Python23\xmldoc\demo\dom\xptr.pyo
200 File Copy: C:\Python23\xmldoc\demo\dom\xpointer_query.pyo
200 File Copy: C:\Python23\xmldoc\demo\dom\xll_replace.pyo
200 File Copy: C:\Python23\xmldoc\demo\dom\visitor1.pyo
200 File Copy: C:\Python23\xmldoc\demo\dom\trace_ns.pyo
200 File Copy: C:\Python23\xmldoc\demo\dom\link_title_invert.pyo
200 File Copy: C:\Python23\xmldoc\demo\dom\iterator1.pyo
200 File Copy: C:\Python23\xmldoc\demo\dom\generate_xml1.pyo
200 File Copy: C:\Python23\xmldoc\demo\dom\generate_html1.pyo
200 File Copy: C:\Python23\xmldoc\demo\dom\dom_from_xml_file.pyo
200 File Copy: C:\Python23\xmldoc\demo\dom\dom_from_html_file.pyo
200 File Copy: C:\Python23\xmldoc\demo\dom\domconv.pyo
200 File Copy: C:\Python23\xmldoc\demo\dom\building.pyo
200 File Copy: C:\Python23\xmldoc\demo\dom\benchmark.pyo
200 File Copy: C:\Python23\xmldoc\demo\dom\4tidy.pyo
