E:\POWER OF LAW & PARADISE CRACKED\Версии\POLREBUILD 1.62.002\TRUNK\TEMP\PCCTS\RELEASE\SLIST.OBJ
E:\POWER OF LAW & PARADISE CRACKED\Версии\POLREBUILD 1.62.002\TRUNK\TEMP\PCCTS\RELEASE\PCCTSAST.OBJ
E:\POWER OF LAW & PARADISE CRACKED\Версии\POLREBUILD 1.62.002\TRUNK\TEMP\PCCTS\RELEASE\DLEXERBASE.OBJ
E:\POWER OF LAW & PARADISE CRACKED\Версии\POLREBUILD 1.62.002\TRUNK\TEMP\PCCTS\RELEASE\BUFFILEINPUT.OBJ
E:\POWER OF LAW & PARADISE CRACKED\Версии\POLREBUILD 1.62.002\TRUNK\TEMP\PCCTS\RELEASE\ATOKENBUFFER.OBJ
E:\POWER OF LAW & PARADISE CRACKED\Версии\POLREBUILD 1.62.002\TRUNK\TEMP\PCCTS\RELEASE\ASTBASE.OBJ
E:\POWER OF LAW & PARADISE CRACKED\Версии\POLREBUILD 1.62.002\TRUNK\TEMP\PCCTS\RELEASE\APARSER.OBJ
E:\POWER OF LAW & PARADISE CRACKED\ВЕРСИИ\POLREBUILD 1.62.002\TRUNK\TEMP\PCCTS\RELEASE\VC110.PDB
E:\POWER OF LAW & PARADISE CRACKED\Версии\POLREBUILD 1.62.002\TRUNK\LIB\RELEASE\PCCTS.LIB
E:\Power of Law & Paradise Cracked\Версии\polrebuild 1.62.002\trunk\temp\pccts\Release\AParser.obj
E:\Power of Law & Paradise Cracked\Версии\polrebuild 1.62.002\trunk\temp\pccts\Release\ASTBase.obj
E:\Power of Law & Paradise Cracked\Версии\polrebuild 1.62.002\trunk\temp\pccts\Release\ATokenBuffer.obj
E:\Power of Law & Paradise Cracked\Версии\polrebuild 1.62.002\trunk\temp\pccts\Release\BufFileInput.obj
E:\Power of Law & Paradise Cracked\Версии\polrebuild 1.62.002\trunk\temp\pccts\Release\DLexerBase.obj
E:\Power of Law & Paradise Cracked\Версии\polrebuild 1.62.002\trunk\temp\pccts\Release\PCCTSAST.obj
E:\Power of Law & Paradise Cracked\Версии\polrebuild 1.62.002\trunk\temp\pccts\Release\slist.obj
E:\Power of Law & Paradise Cracked\Версии\polrebuild 1.62.002\trunk\temp\pccts\Release\cl.command.1.tlog
E:\Power of Law & Paradise Cracked\Версии\polrebuild 1.62.002\trunk\temp\pccts\Release\CL.read.1.tlog
E:\Power of Law & Paradise Cracked\Версии\polrebuild 1.62.002\trunk\temp\pccts\Release\CL.write.1.tlog
E:\Power of Law & Paradise Cracked\Версии\polrebuild 1.62.002\trunk\temp\pccts\Release\Lib-link.read.1.tlog
E:\Power of Law & Paradise Cracked\Версии\polrebuild 1.62.002\trunk\temp\pccts\Release\Lib-link.write.1.tlog
E:\Power of Law & Paradise Cracked\Версии\polrebuild 1.62.002\trunk\temp\pccts\Release\lib.command.1.tlog
E:\Power of Law & Paradise Cracked\Версии\polrebuild 1.62.002\trunk\temp\pccts\Release\vc110.pdb
E:\Power of Law & Paradise Cracked\Версии\polrebuild 1.62.002\trunk\lib/release\pccts.lib
