E:\POWER OF LAW & PARADISE CRACKED\Версии\POLREBUILD 1.62.002\TRUNK\TEMP\UNZIP\RELEASE\ZIPINFO.OBJ
E:\POWER OF LAW & PARADISE CRACKED\Версии\POLREBUILD 1.62.002\TRUNK\TEMP\UNZIP\RELEASE\UNSHRINK.OBJ
E:\POWER OF LAW & PARADISE CRACKED\Версии\POLREBUILD 1.62.002\TRUNK\TEMP\UNZIP\RELEASE\UNREDUCE.OBJ
E:\POWER OF LAW & PARADISE CRACKED\Версии\POLREBUILD 1.62.002\TRUNK\TEMP\UNZIP\RELEASE\TTYIO.OBJ
E:\POWER OF LAW & PARADISE CRACKED\Версии\POLREBUILD 1.62.002\TRUNK\TEMP\UNZIP\RELEASE\PROCESS.OBJ
E:\POWER OF LAW & PARADISE CRACKED\Версии\POLREBUILD 1.62.002\TRUNK\TEMP\UNZIP\RELEASE\MATCH.OBJ
E:\POWER OF LAW & PARADISE CRACKED\Версии\POLREBUILD 1.62.002\TRUNK\TEMP\UNZIP\RELEASE\LIST.OBJ
E:\POWER OF LAW & PARADISE CRACKED\Версии\POLREBUILD 1.62.002\TRUNK\TEMP\UNZIP\RELEASE\INFLATE.OBJ
E:\POWER OF LAW & PARADISE CRACKED\Версии\POLREBUILD 1.62.002\TRUNK\TEMP\UNZIP\RELEASE\GLOBALS.OBJ
E:\POWER OF LAW & PARADISE CRACKED\Версии\POLREBUILD 1.62.002\TRUNK\TEMP\UNZIP\RELEASE\FILEIO.OBJ
E:\POWER OF LAW & PARADISE CRACKED\Версии\POLREBUILD 1.62.002\TRUNK\TEMP\UNZIP\RELEASE\EXTRACT.OBJ
E:\POWER OF LAW & PARADISE CRACKED\Версии\POLREBUILD 1.62.002\TRUNK\TEMP\UNZIP\RELEASE\EXPLODE.OBJ
E:\POWER OF LAW & PARADISE CRACKED\Версии\POLREBUILD 1.62.002\TRUNK\TEMP\UNZIP\RELEASE\CRYPT.OBJ
E:\POWER OF LAW & PARADISE CRACKED\Версии\POLREBUILD 1.62.002\TRUNK\TEMP\UNZIP\RELEASE\CRCTAB.OBJ
E:\POWER OF LAW & PARADISE CRACKED\Версии\POLREBUILD 1.62.002\TRUNK\TEMP\UNZIP\RELEASE\CRC32.OBJ
E:\POWER OF LAW & PARADISE CRACKED\Версии\POLREBUILD 1.62.002\TRUNK\TEMP\UNZIP\RELEASE\API.OBJ
E:\POWER OF LAW & PARADISE CRACKED\Версии\POLREBUILD 1.62.002\TRUNK\TEMP\UNZIP\RELEASE\WIN32.OBJ
E:\POWER OF LAW & PARADISE CRACKED\Версии\POLREBUILD 1.62.002\TRUNK\TEMP\UNZIP\RELEASE\NT.OBJ
E:\POWER OF LAW & PARADISE CRACKED\Версии\POLREBUILD 1.62.002\TRUNK\TEMP\UNZIP\RELEASE\WINDLL.OBJ
E:\POWER OF LAW & PARADISE CRACKED\ВЕРСИИ\POLREBUILD 1.62.002\TRUNK\TEMP\UNZIP\RELEASE\VC110.PDB
E:\POWER OF LAW & PARADISE CRACKED\Версии\POLREBUILD 1.62.002\TRUNK\LIB\RELEASE\UNZIP.LIB
E:\Power of Law & Paradise Cracked\Версии\polrebuild 1.62.002\trunk\temp\unzip\Release\api.obj
E:\Power of Law & Paradise Cracked\Версии\polrebuild 1.62.002\trunk\temp\unzip\Release\crc32.obj
E:\Power of Law & Paradise Cracked\Версии\polrebuild 1.62.002\trunk\temp\unzip\Release\crctab.obj
E:\Power of Law & Paradise Cracked\Версии\polrebuild 1.62.002\trunk\temp\unzip\Release\crypt.obj
E:\Power of Law & Paradise Cracked\Версии\polrebuild 1.62.002\trunk\temp\unzip\Release\explode.obj
E:\Power of Law & Paradise Cracked\Версии\polrebuild 1.62.002\trunk\temp\unzip\Release\extract.obj
E:\Power of Law & Paradise Cracked\Версии\polrebuild 1.62.002\trunk\temp\unzip\Release\fileio.obj
E:\Power of Law & Paradise Cracked\Версии\polrebuild 1.62.002\trunk\temp\unzip\Release\globals.obj
E:\Power of Law & Paradise Cracked\Версии\polrebuild 1.62.002\trunk\temp\unzip\Release\inflate.obj
E:\Power of Law & Paradise Cracked\Версии\polrebuild 1.62.002\trunk\temp\unzip\Release\list.obj
E:\Power of Law & Paradise Cracked\Версии\polrebuild 1.62.002\trunk\temp\unzip\Release\match.obj
E:\Power of Law & Paradise Cracked\Версии\polrebuild 1.62.002\trunk\temp\unzip\Release\nt.obj
E:\Power of Law & Paradise Cracked\Версии\polrebuild 1.62.002\trunk\temp\unzip\Release\process.obj
E:\Power of Law & Paradise Cracked\Версии\polrebuild 1.62.002\trunk\temp\unzip\Release\ttyio.obj
E:\Power of Law & Paradise Cracked\Версии\polrebuild 1.62.002\trunk\temp\unzip\Release\unreduce.obj
E:\Power of Law & Paradise Cracked\Версии\polrebuild 1.62.002\trunk\temp\unzip\Release\unshrink.obj
E:\Power of Law & Paradise Cracked\Версии\polrebuild 1.62.002\trunk\temp\unzip\Release\win32.obj
E:\Power of Law & Paradise Cracked\Версии\polrebuild 1.62.002\trunk\temp\unzip\Release\windll.obj
E:\Power of Law & Paradise Cracked\Версии\polrebuild 1.62.002\trunk\temp\unzip\Release\zipinfo.obj
E:\Power of Law & Paradise Cracked\Версии\polrebuild 1.62.002\trunk\temp\unzip\Release\cl.command.1.tlog
E:\Power of Law & Paradise Cracked\Версии\polrebuild 1.62.002\trunk\temp\unzip\Release\CL.read.1.tlog
E:\Power of Law & Paradise Cracked\Версии\polrebuild 1.62.002\trunk\temp\unzip\Release\CL.write.1.tlog
E:\Power of Law & Paradise Cracked\Версии\polrebuild 1.62.002\trunk\temp\unzip\Release\Lib-link.read.1.tlog
E:\Power of Law & Paradise Cracked\Версии\polrebuild 1.62.002\trunk\temp\unzip\Release\Lib-link.write.1.tlog
E:\Power of Law & Paradise Cracked\Версии\polrebuild 1.62.002\trunk\temp\unzip\Release\lib.command.1.tlog
E:\Power of Law & Paradise Cracked\Версии\polrebuild 1.62.002\trunk\temp\unzip\Release\vc110.pdb
E:\Power of Law & Paradise Cracked\Версии\polrebuild 1.62.002\trunk\lib/release\unzip.lib
